<?xml version="1.0" encoding="utf-8"?>
<CoverageSession xmlns:xsd="http://www.w3.org/2001/XMLSchema" xmlns:xsi="http://www.w3.org/2001/XMLSchema-instance" Version="0.0.0.0">
  <Summary numSequencePoints="4212" visitedSequencePoints="3319" numBranchPoints="0" visitedBranchPoints="0" sequenceCoverage="78.80" branchCoverage="0.0" maxCyclomaticComplexity="0" minCyclomaticComplexity="0" maxCrapScore="0" minCrapScore="0" visitedClasses="85" numClasses="85" visitedMethods="418" numMethods="418" />
  <Modules>
    <Module>
      <Summary numSequencePoints="977" visitedSequencePoints="977" numBranchPoints="0" visitedBranchPoints="0" sequenceCoverage="100.0" branchCoverage="0.0" maxCyclomaticComplexity="0" minCyclomaticComplexity="0" maxCrapScore="0" minCrapScore="0" visitedClasses="7" numClasses="7" visitedMethods="64" numMethods="64" />
      <ModuleTime>0001-01-01T00:00:00</ModuleTime>
      <ModuleName>EditMode</ModuleName>
      <Files>
        <File uid="1" fullPath="X:/csibeegyetej/Szakdolgozat/Git/zombicide/Zombicide/Assets/Tests/EditMode/BoardTest.cs" />
        <File uid="2" fullPath="X:/csibeegyetej/Szakdolgozat/Git/zombicide/Zombicide/Assets/Tests/EditMode/ModelTests.cs" />
        <File uid="3" fullPath="X:/csibeegyetej/Szakdolgozat/Git/zombicide/Zombicide/Assets/Tests/EditMode/SurvivorTest.cs" />
        <File uid="4" fullPath="X:/csibeegyetej/Szakdolgozat/Git/zombicide/Zombicide/Assets/Tests/EditMode/ZombieTest.cs" />
      </Files>
      <Classes>
        <Class>
          <Summary numSequencePoints="71" visitedSequencePoints="71" numBranchPoints="0" visitedBranchPoints="0" sequenceCoverage="100.0" branchCoverage="0.0" maxCyclomaticComplexity="0" minCyclomaticComplexity="0" maxCrapScore="0" minCrapScore="0" visitedClasses="1" numClasses="1" visitedMethods="6" numMethods="6" />
          <FullName>BoardTest</FullName>
          <Methods>
            <Method visited="true" cyclomaticComplexity="0" nPathComplexity="0" sequenceCoverage="100.0" branchCoverage="0" crapScore="0" isConstructor="false" isStatic="false" isGetter="false" isSetter="false">
              <Summary numSequencePoints="10" visitedSequencePoints="10" numBranchPoints="0" visitedBranchPoints="0" sequenceCoverage="100.0" branchCoverage="0" maxCyclomaticComplexity="0" minCyclomaticComplexity="0" maxCrapScore="0" minCrapScore="0" visitedClasses="0" numClasses="0" visitedMethods="1" numMethods="1" />
              <MetadataToken>100663297</MetadataToken>
              <Name>System.Void BoardTest::GetStreetByTilesTest()</Name>
              <FileRef uid="1" />
              <SequencePoints>
                <SequencePoint vc="1" uspid="4417" ordinal="0" offset="0" sl="18" sc="5" el="18" ec="5" bec="0" bev="0" fileid="1" />
                <SequencePoint vc="1" uspid="4418" ordinal="0" offset="1" sl="19" sc="9" el="19" ec="9" bec="0" bev="0" fileid="1" />
                <SequencePoint vc="1" uspid="4419" ordinal="0" offset="13" sl="20" sc="9" el="20" ec="9" bec="0" bev="0" fileid="1" />
                <SequencePoint vc="1" uspid="4420" ordinal="0" offset="62" sl="21" sc="9" el="21" ec="9" bec="0" bev="0" fileid="1" />
                <SequencePoint vc="1" uspid="4421" ordinal="0" offset="78" sl="22" sc="9" el="22" ec="9" bec="0" bev="0" fileid="1" />
                <SequencePoint vc="1" uspid="4422" ordinal="0" offset="94" sl="23" sc="9" el="23" ec="9" bec="0" bev="0" fileid="1" />
                <SequencePoint vc="1" uspid="4423" ordinal="0" offset="110" sl="24" sc="9" el="24" ec="9" bec="0" bev="0" fileid="1" />
                <SequencePoint vc="1" uspid="4424" ordinal="0" offset="117" sl="25" sc="9" el="25" ec="9" bec="0" bev="0" fileid="1" />
                <SequencePoint vc="1" uspid="4425" ordinal="0" offset="145" sl="26" sc="9" el="26" ec="9" bec="0" bev="0" fileid="1" />
                <SequencePoint vc="1" uspid="4426" ordinal="0" offset="173" sl="27" sc="5" el="27" ec="5" bec="0" bev="0" fileid="1" />
              </SequencePoints>
              <BranchPoints />
            </Method>
            <Method visited="true" cyclomaticComplexity="0" nPathComplexity="0" sequenceCoverage="100.0" branchCoverage="0" crapScore="0" isConstructor="false" isStatic="false" isGetter="false" isSetter="false">
              <Summary numSequencePoints="12" visitedSequencePoints="12" numBranchPoints="0" visitedBranchPoints="0" sequenceCoverage="100.0" branchCoverage="0" maxCyclomaticComplexity="0" minCyclomaticComplexity="0" maxCrapScore="0" minCrapScore="0" visitedClasses="0" numClasses="0" visitedMethods="1" numMethods="1" />
              <MetadataToken>100663298</MetadataToken>
              <Name>System.Void BoardTest::GetBuildingByTileTest()</Name>
              <FileRef uid="1" />
              <SequencePoints>
                <SequencePoint vc="1" uspid="4427" ordinal="0" offset="0" sl="30" sc="5" el="30" ec="5" bec="0" bev="0" fileid="1" />
                <SequencePoint vc="1" uspid="4428" ordinal="0" offset="1" sl="31" sc="9" el="31" ec="9" bec="0" bev="0" fileid="1" />
                <SequencePoint vc="1" uspid="4429" ordinal="0" offset="13" sl="32" sc="9" el="32" ec="9" bec="0" bev="0" fileid="1" />
                <SequencePoint vc="1" uspid="4430" ordinal="0" offset="62" sl="33" sc="9" el="33" ec="9" bec="0" bev="0" fileid="1" />
                <SequencePoint vc="1" uspid="4431" ordinal="0" offset="75" sl="34" sc="9" el="34" ec="9" bec="0" bev="0" fileid="1" />
                <SequencePoint vc="1" uspid="4432" ordinal="0" offset="88" sl="35" sc="9" el="35" ec="9" bec="0" bev="0" fileid="1" />
                <SequencePoint vc="1" uspid="4433" ordinal="0" offset="102" sl="36" sc="9" el="36" ec="9" bec="0" bev="0" fileid="1" />
                <SequencePoint vc="1" uspid="4434" ordinal="0" offset="109" sl="37" sc="9" el="37" ec="9" bec="0" bev="0" fileid="1" />
                <SequencePoint vc="1" uspid="4435" ordinal="0" offset="137" sl="38" sc="9" el="38" ec="9" bec="0" bev="0" fileid="1" />
                <SequencePoint vc="1" uspid="4436" ordinal="0" offset="196" sl="39" sc="9" el="39" ec="9" bec="0" bev="0" fileid="1" />
                <SequencePoint vc="1" uspid="4437" ordinal="0" offset="224" sl="40" sc="9" el="40" ec="9" bec="0" bev="0" fileid="1" />
                <SequencePoint vc="1" uspid="4438" ordinal="0" offset="283" sl="41" sc="5" el="41" ec="5" bec="0" bev="0" fileid="1" />
              </SequencePoints>
              <BranchPoints />
            </Method>
            <Method visited="true" cyclomaticComplexity="0" nPathComplexity="0" sequenceCoverage="100.0" branchCoverage="0" crapScore="0" isConstructor="false" isStatic="false" isGetter="false" isSetter="false">
              <Summary numSequencePoints="24" visitedSequencePoints="24" numBranchPoints="0" visitedBranchPoints="0" sequenceCoverage="100.0" branchCoverage="0" maxCyclomaticComplexity="0" minCyclomaticComplexity="0" maxCrapScore="0" minCrapScore="0" visitedClasses="0" numClasses="0" visitedMethods="1" numMethods="1" />
              <MetadataToken>100663299</MetadataToken>
              <Name>System.Void BoardTest::GetTileByIDTest()</Name>
              <FileRef uid="1" />
              <SequencePoints>
                <SequencePoint vc="1" uspid="4439" ordinal="0" offset="0" sl="44" sc="5" el="44" ec="5" bec="0" bev="0" fileid="1" />
                <SequencePoint vc="1" uspid="4440" ordinal="0" offset="1" sl="45" sc="9" el="45" ec="9" bec="0" bev="0" fileid="1" />
                <SequencePoint vc="1" uspid="4441" ordinal="0" offset="13" sl="46" sc="9" el="46" ec="9" bec="0" bev="0" fileid="1" />
                <SequencePoint vc="1" uspid="4442" ordinal="0" offset="62" sl="47" sc="9" el="47" ec="9" bec="0" bev="0" fileid="1" />
                <SequencePoint vc="1" uspid="4443" ordinal="0" offset="76" sl="48" sc="9" el="48" ec="9" bec="0" bev="0" fileid="1" />
                <SequencePoint vc="1" uspid="4444" ordinal="0" offset="89" sl="49" sc="9" el="49" ec="9" bec="0" bev="0" fileid="1" />
                <SequencePoint vc="1" uspid="4445" ordinal="0" offset="103" sl="50" sc="9" el="50" ec="9" bec="0" bev="0" fileid="1" />
                <SequencePoint vc="1" uspid="4446" ordinal="0" offset="117" sl="51" sc="9" el="51" ec="9" bec="0" bev="0" fileid="1" />
                <SequencePoint vc="1" uspid="4447" ordinal="0" offset="132" sl="52" sc="9" el="52" ec="9" bec="0" bev="0" fileid="1" />
                <SequencePoint vc="1" uspid="4448" ordinal="0" offset="149" sl="53" sc="9" el="53" ec="9" bec="0" bev="0" fileid="1" />
                <SequencePoint vc="1" uspid="4449" ordinal="0" offset="185" sl="54" sc="9" el="54" ec="9" bec="0" bev="0" fileid="1" />
                <SequencePoint vc="1" uspid="4450" ordinal="0" offset="213" sl="55" sc="9" el="55" ec="9" bec="0" bev="0" fileid="1" />
                <SequencePoint vc="1" uspid="4451" ordinal="0" offset="225" sl="56" sc="9" el="56" ec="9" bec="0" bev="0" fileid="1" />
                <SequencePoint vc="1" uspid="4452" ordinal="0" offset="237" sl="57" sc="9" el="57" ec="9" bec="0" bev="0" fileid="1" />
                <SequencePoint vc="1" uspid="4453" ordinal="0" offset="273" sl="58" sc="9" el="58" ec="9" bec="0" bev="0" fileid="1" />
                <SequencePoint vc="1" uspid="4454" ordinal="0" offset="301" sl="59" sc="9" el="59" ec="9" bec="0" bev="0" fileid="1" />
                <SequencePoint vc="1" uspid="4455" ordinal="0" offset="337" sl="60" sc="9" el="60" ec="9" bec="0" bev="0" fileid="1" />
                <SequencePoint vc="1" uspid="4456" ordinal="0" offset="365" sl="61" sc="9" el="61" ec="9" bec="0" bev="0" fileid="1" />
                <SequencePoint vc="1" uspid="4457" ordinal="0" offset="378" sl="62" sc="9" el="62" ec="9" bec="0" bev="0" fileid="1" />
                <SequencePoint vc="1" uspid="4458" ordinal="0" offset="415" sl="63" sc="9" el="63" ec="9" bec="0" bev="0" fileid="1" />
                <SequencePoint vc="1" uspid="4459" ordinal="0" offset="444" sl="64" sc="9" el="64" ec="9" bec="0" bev="0" fileid="1" />
                <SequencePoint vc="1" uspid="4460" ordinal="0" offset="457" sl="65" sc="9" el="65" ec="9" bec="0" bev="0" fileid="1" />
                <SequencePoint vc="1" uspid="4461" ordinal="0" offset="494" sl="66" sc="9" el="66" ec="9" bec="0" bev="0" fileid="1" />
                <SequencePoint vc="1" uspid="4462" ordinal="0" offset="523" sl="67" sc="5" el="67" ec="5" bec="0" bev="0" fileid="1" />
              </SequencePoints>
              <BranchPoints />
            </Method>
            <Method visited="true" cyclomaticComplexity="0" nPathComplexity="0" sequenceCoverage="100.0" branchCoverage="0" crapScore="0" isConstructor="false" isStatic="false" isGetter="false" isSetter="false">
              <Summary numSequencePoints="10" visitedSequencePoints="10" numBranchPoints="0" visitedBranchPoints="0" sequenceCoverage="100.0" branchCoverage="0" maxCyclomaticComplexity="0" minCyclomaticComplexity="0" maxCrapScore="0" minCrapScore="0" visitedClasses="0" numClasses="0" visitedMethods="1" numMethods="1" />
              <MetadataToken>100663300</MetadataToken>
              <Name>System.Void BoardTest::CanMoveTest()</Name>
              <FileRef uid="1" />
              <SequencePoints>
                <SequencePoint vc="1" uspid="4463" ordinal="0" offset="0" sl="70" sc="5" el="70" ec="5" bec="0" bev="0" fileid="1" />
                <SequencePoint vc="1" uspid="4464" ordinal="0" offset="1" sl="71" sc="9" el="71" ec="9" bec="0" bev="0" fileid="1" />
                <SequencePoint vc="1" uspid="4465" ordinal="0" offset="13" sl="72" sc="9" el="72" ec="9" bec="0" bev="0" fileid="1" />
                <SequencePoint vc="1" uspid="4466" ordinal="0" offset="62" sl="73" sc="9" el="73" ec="9" bec="0" bev="0" fileid="1" />
                <SequencePoint vc="1" uspid="4467" ordinal="0" offset="105" sl="74" sc="9" el="74" ec="9" bec="0" bev="0" fileid="1" />
                <SequencePoint vc="1" uspid="4468" ordinal="0" offset="146" sl="75" sc="9" el="75" ec="9" bec="0" bev="0" fileid="1" />
                <SequencePoint vc="1" uspid="4469" ordinal="0" offset="188" sl="76" sc="9" el="76" ec="9" bec="0" bev="0" fileid="1" />
                <SequencePoint vc="1" uspid="4470" ordinal="0" offset="202" sl="77" sc="9" el="77" ec="9" bec="0" bev="0" fileid="1" />
                <SequencePoint vc="1" uspid="4471" ordinal="0" offset="257" sl="78" sc="9" el="78" ec="9" bec="0" bev="0" fileid="1" />
                <SequencePoint vc="1" uspid="4472" ordinal="0" offset="299" sl="79" sc="5" el="79" ec="5" bec="0" bev="0" fileid="1" />
              </SequencePoints>
              <BranchPoints />
            </Method>
            <Method visited="true" cyclomaticComplexity="0" nPathComplexity="0" sequenceCoverage="100.0" branchCoverage="0" crapScore="0" isConstructor="false" isStatic="false" isGetter="false" isSetter="false">
              <Summary numSequencePoints="14" visitedSequencePoints="14" numBranchPoints="0" visitedBranchPoints="0" sequenceCoverage="100.0" branchCoverage="0" maxCyclomaticComplexity="0" minCyclomaticComplexity="0" maxCrapScore="0" minCrapScore="0" visitedClasses="0" numClasses="0" visitedMethods="1" numMethods="1" />
              <MetadataToken>100663301</MetadataToken>
              <Name>System.Void BoardTest::GetShortestPathTest()</Name>
              <FileRef uid="1" />
              <SequencePoints>
                <SequencePoint vc="1" uspid="4473" ordinal="0" offset="0" sl="82" sc="5" el="82" ec="5" bec="0" bev="0" fileid="1" />
                <SequencePoint vc="1" uspid="4474" ordinal="0" offset="1" sl="83" sc="9" el="83" ec="9" bec="0" bev="0" fileid="1" />
                <SequencePoint vc="1" uspid="4475" ordinal="0" offset="13" sl="84" sc="9" el="84" ec="9" bec="0" bev="0" fileid="1" />
                <SequencePoint vc="1" uspid="4476" ordinal="0" offset="62" sl="85" sc="9" el="85" ec="9" bec="0" bev="0" fileid="1" />
                <SequencePoint vc="1" uspid="4477" ordinal="0" offset="110" sl="86" sc="9" el="86" ec="9" bec="0" bev="0" fileid="1" />
                <SequencePoint vc="1" uspid="4478" ordinal="0" offset="157" sl="87" sc="9" el="87" ec="9" bec="0" bev="0" fileid="1" />
                <SequencePoint vc="1" uspid="4479" ordinal="0" offset="204" sl="88" sc="9" el="88" ec="9" bec="0" bev="0" fileid="1" />
                <SequencePoint vc="1" uspid="4480" ordinal="0" offset="252" sl="89" sc="9" el="89" ec="9" bec="0" bev="0" fileid="1" />
                <SequencePoint vc="1" uspid="4481" ordinal="0" offset="266" sl="90" sc="9" el="90" ec="9" bec="0" bev="0" fileid="1" />
                <SequencePoint vc="1" uspid="4482" ordinal="0" offset="280" sl="91" sc="9" el="91" ec="9" bec="0" bev="0" fileid="1" />
                <SequencePoint vc="1" uspid="4483" ordinal="0" offset="335" sl="92" sc="9" el="92" ec="9" bec="0" bev="0" fileid="1" />
                <SequencePoint vc="1" uspid="4484" ordinal="0" offset="390" sl="93" sc="9" el="93" ec="9" bec="0" bev="0" fileid="1" />
                <SequencePoint vc="1" uspid="4485" ordinal="0" offset="437" sl="94" sc="9" el="94" ec="9" bec="0" bev="0" fileid="1" />
                <SequencePoint vc="1" uspid="4486" ordinal="0" offset="484" sl="95" sc="5" el="95" ec="5" bec="0" bev="0" fileid="1" />
              </SequencePoints>
              <BranchPoints />
            </Method>
            <Method visited="true" cyclomaticComplexity="0" nPathComplexity="0" sequenceCoverage="100.0" branchCoverage="0" crapScore="0" isConstructor="true" isStatic="false" isGetter="false" isSetter="false">
              <Summary numSequencePoints="1" visitedSequencePoints="1" numBranchPoints="0" visitedBranchPoints="0" sequenceCoverage="100.0" branchCoverage="0" maxCyclomaticComplexity="0" minCyclomaticComplexity="0" maxCrapScore="0" minCrapScore="0" visitedClasses="0" numClasses="0" visitedMethods="1" numMethods="1" />
              <MetadataToken>100663302</MetadataToken>
              <Name>BoardTest::BoardTest()</Name>
              <FileRef uid="1" />
              <SequencePoints>
                <SequencePoint vc="1" uspid="4487" ordinal="0" offset="0" sl="14" sc="5" el="14" ec="5" bec="0" bev="0" fileid="1" />
              </SequencePoints>
              <BranchPoints />
            </Method>
          </Methods>
        </Class>
        <Class>
          <Summary numSequencePoints="219" visitedSequencePoints="219" numBranchPoints="0" visitedBranchPoints="0" sequenceCoverage="100.0" branchCoverage="0.0" maxCyclomaticComplexity="0" minCyclomaticComplexity="0" maxCrapScore="0" minCrapScore="0" visitedClasses="1" numClasses="1" visitedMethods="20" numMethods="20" />
          <FullName>ModelTests</FullName>
          <Methods>
            <Method visited="true" cyclomaticComplexity="0" nPathComplexity="0" sequenceCoverage="100.0" branchCoverage="0" crapScore="0" isConstructor="false" isStatic="false" isGetter="false" isSetter="false">
              <Summary numSequencePoints="10" visitedSequencePoints="10" numBranchPoints="0" visitedBranchPoints="0" sequenceCoverage="100.0" branchCoverage="0" maxCyclomaticComplexity="0" minCyclomaticComplexity="0" maxCrapScore="0" minCrapScore="0" visitedClasses="0" numClasses="0" visitedMethods="1" numMethods="1" />
              <MetadataToken>100663303</MetadataToken>
              <Name>System.Void ModelTests::NumberOfPlayersOnTileTest()</Name>
              <FileRef uid="2" />
              <SequencePoints>
                <SequencePoint vc="1" uspid="4488" ordinal="0" offset="0" sl="22" sc="5" el="22" ec="5" bec="0" bev="0" fileid="2" />
                <SequencePoint vc="1" uspid="4489" ordinal="0" offset="1" sl="23" sc="9" el="23" ec="9" bec="0" bev="0" fileid="2" />
                <SequencePoint vc="1" uspid="4490" ordinal="0" offset="13" sl="24" sc="9" el="24" ec="9" bec="0" bev="0" fileid="2" />
                <SequencePoint vc="1" uspid="4491" ordinal="0" offset="62" sl="25" sc="9" el="25" ec="9" bec="0" bev="0" fileid="2" />
                <SequencePoint vc="1" uspid="4492" ordinal="0" offset="87" sl="26" sc="9" el="26" ec="9" bec="0" bev="0" fileid="2" />
                <SequencePoint vc="1" uspid="4493" ordinal="0" offset="98" sl="27" sc="9" el="27" ec="9" bec="0" bev="0" fileid="2" />
                <SequencePoint vc="1" uspid="4494" ordinal="0" offset="118" sl="28" sc="9" el="28" ec="9" bec="0" bev="0" fileid="2" />
                <SequencePoint vc="1" uspid="4495" ordinal="0" offset="143" sl="29" sc="9" el="29" ec="9" bec="0" bev="0" fileid="2" />
                <SequencePoint vc="1" uspid="4496" ordinal="0" offset="168" sl="30" sc="9" el="30" ec="9" bec="0" bev="0" fileid="2" />
                <SequencePoint vc="1" uspid="4497" ordinal="0" offset="193" sl="31" sc="5" el="31" ec="5" bec="0" bev="0" fileid="2" />
              </SequencePoints>
              <BranchPoints />
            </Method>
            <Method visited="true" cyclomaticComplexity="0" nPathComplexity="0" sequenceCoverage="100.0" branchCoverage="0" crapScore="0" isConstructor="false" isStatic="false" isGetter="false" isSetter="false">
              <Summary numSequencePoints="9" visitedSequencePoints="9" numBranchPoints="0" visitedBranchPoints="0" sequenceCoverage="100.0" branchCoverage="0" maxCyclomaticComplexity="0" minCyclomaticComplexity="0" maxCrapScore="0" minCrapScore="0" visitedClasses="0" numClasses="0" visitedMethods="1" numMethods="1" />
              <MetadataToken>100663304</MetadataToken>
              <Name>System.Void ModelTests::GetSurvivorByNameTest()</Name>
              <FileRef uid="2" />
              <SequencePoints>
                <SequencePoint vc="1" uspid="4498" ordinal="0" offset="0" sl="34" sc="5" el="34" ec="5" bec="0" bev="0" fileid="2" />
                <SequencePoint vc="1" uspid="4499" ordinal="0" offset="1" sl="35" sc="9" el="35" ec="9" bec="0" bev="0" fileid="2" />
                <SequencePoint vc="1" uspid="4500" ordinal="0" offset="13" sl="36" sc="9" el="36" ec="9" bec="0" bev="0" fileid="2" />
                <SequencePoint vc="1" uspid="4501" ordinal="0" offset="62" sl="37" sc="9" el="37" ec="9" bec="0" bev="0" fileid="2" />
                <SequencePoint vc="1" uspid="4502" ordinal="0" offset="68" sl="38" sc="9" el="38" ec="9" bec="0" bev="0" fileid="2" />
                <SequencePoint vc="1" uspid="4503" ordinal="0" offset="75" sl="39" sc="9" el="39" ec="9" bec="0" bev="0" fileid="2" />
                <SequencePoint vc="1" uspid="4504" ordinal="0" offset="89" sl="40" sc="9" el="40" ec="9" bec="0" bev="0" fileid="2" />
                <SequencePoint vc="1" uspid="4505" ordinal="0" offset="123" sl="41" sc="9" el="41" ec="9" bec="0" bev="0" fileid="2" />
                <SequencePoint vc="1" uspid="4506" ordinal="0" offset="141" sl="42" sc="5" el="42" ec="5" bec="0" bev="0" fileid="2" />
              </SequencePoints>
              <BranchPoints />
            </Method>
            <Method visited="true" cyclomaticComplexity="0" nPathComplexity="0" sequenceCoverage="100.0" branchCoverage="0" crapScore="0" isConstructor="false" isStatic="false" isGetter="false" isSetter="false">
              <Summary numSequencePoints="19" visitedSequencePoints="19" numBranchPoints="0" visitedBranchPoints="0" sequenceCoverage="100.0" branchCoverage="0" maxCyclomaticComplexity="0" minCyclomaticComplexity="0" maxCrapScore="0" minCrapScore="0" visitedClasses="0" numClasses="0" visitedMethods="1" numMethods="1" />
              <MetadataToken>100663305</MetadataToken>
              <Name>System.Void ModelTests::GetZombiesInPriorityOrderOnTileTest()</Name>
              <FileRef uid="2" />
              <SequencePoints>
                <SequencePoint vc="1" uspid="4507" ordinal="0" offset="0" sl="45" sc="5" el="45" ec="5" bec="0" bev="0" fileid="2" />
                <SequencePoint vc="1" uspid="4508" ordinal="0" offset="1" sl="46" sc="9" el="46" ec="9" bec="0" bev="0" fileid="2" />
                <SequencePoint vc="1" uspid="4509" ordinal="0" offset="13" sl="47" sc="9" el="47" ec="9" bec="0" bev="0" fileid="2" />
                <SequencePoint vc="1" uspid="4510" ordinal="0" offset="62" sl="48" sc="9" el="48" ec="9" bec="0" bev="0" fileid="2" />
                <SequencePoint vc="1" uspid="4511" ordinal="0" offset="85" sl="49" sc="9" el="49" ec="9" bec="0" bev="0" fileid="2" />
                <SequencePoint vc="1" uspid="4512" ordinal="0" offset="108" sl="50" sc="9" el="50" ec="9" bec="0" bev="0" fileid="2" />
                <SequencePoint vc="1" uspid="4513" ordinal="0" offset="131" sl="51" sc="9" el="51" ec="9" bec="0" bev="0" fileid="2" />
                <SequencePoint vc="1" uspid="4514" ordinal="0" offset="154" sl="52" sc="9" el="52" ec="9" bec="0" bev="0" fileid="2" />
                <SequencePoint vc="1" uspid="4515" ordinal="0" offset="174" sl="53" sc="9" el="53" ec="9" bec="0" bev="0" fileid="2" />
                <SequencePoint vc="1" uspid="4516" ordinal="0" offset="194" sl="54" sc="9" el="54" ec="9" bec="0" bev="0" fileid="2" />
                <SequencePoint vc="1" uspid="4517" ordinal="0" offset="214" sl="55" sc="9" el="55" ec="9" bec="0" bev="0" fileid="2" />
                <SequencePoint vc="1" uspid="4518" ordinal="0" offset="237" sl="56" sc="9" el="56" ec="9" bec="0" bev="0" fileid="2" />
                <SequencePoint vc="1" uspid="4519" ordinal="0" offset="260" sl="57" sc="9" el="57" ec="9" bec="0" bev="0" fileid="2" />
                <SequencePoint vc="1" uspid="4520" ordinal="0" offset="283" sl="58" sc="9" el="58" ec="9" bec="0" bev="0" fileid="2" />
                <SequencePoint vc="1" uspid="4521" ordinal="0" offset="304" sl="59" sc="9" el="59" ec="9" bec="0" bev="0" fileid="2" />
                <SequencePoint vc="1" uspid="4522" ordinal="0" offset="325" sl="60" sc="9" el="60" ec="9" bec="0" bev="0" fileid="2" />
                <SequencePoint vc="1" uspid="4523" ordinal="0" offset="346" sl="61" sc="9" el="61" ec="9" bec="0" bev="0" fileid="2" />
                <SequencePoint vc="1" uspid="4524" ordinal="0" offset="367" sl="62" sc="9" el="62" ec="9" bec="0" bev="0" fileid="2" />
                <SequencePoint vc="1" uspid="4525" ordinal="0" offset="388" sl="63" sc="5" el="63" ec="5" bec="0" bev="0" fileid="2" />
              </SequencePoints>
              <BranchPoints />
            </Method>
            <Method visited="true" cyclomaticComplexity="0" nPathComplexity="0" sequenceCoverage="100.0" branchCoverage="0" crapScore="0" isConstructor="false" isStatic="false" isGetter="false" isSetter="false">
              <Summary numSequencePoints="15" visitedSequencePoints="15" numBranchPoints="0" visitedBranchPoints="0" sequenceCoverage="100.0" branchCoverage="0" maxCyclomaticComplexity="0" minCyclomaticComplexity="0" maxCrapScore="0" minCrapScore="0" visitedClasses="0" numClasses="0" visitedMethods="1" numMethods="1" />
              <MetadataToken>100663306</MetadataToken>
              <Name>System.Void ModelTests::GetSurvivorsOnTileTest()</Name>
              <FileRef uid="2" />
              <SequencePoints>
                <SequencePoint vc="1" uspid="4526" ordinal="0" offset="0" sl="66" sc="5" el="66" ec="5" bec="0" bev="0" fileid="2" />
                <SequencePoint vc="1" uspid="4527" ordinal="0" offset="1" sl="67" sc="9" el="67" ec="9" bec="0" bev="0" fileid="2" />
                <SequencePoint vc="1" uspid="4528" ordinal="0" offset="13" sl="68" sc="9" el="68" ec="9" bec="0" bev="0" fileid="2" />
                <SequencePoint vc="1" uspid="4529" ordinal="0" offset="62" sl="69" sc="9" el="69" ec="9" bec="0" bev="0" fileid="2" />
                <SequencePoint vc="1" uspid="4530" ordinal="0" offset="82" sl="70" sc="9" el="70" ec="9" bec="0" bev="0" fileid="2" />
                <SequencePoint vc="1" uspid="4531" ordinal="0" offset="105" sl="71" sc="9" el="71" ec="9" bec="0" bev="0" fileid="2" />
                <SequencePoint vc="1" uspid="4532" ordinal="0" offset="128" sl="72" sc="9" el="72" ec="9" bec="0" bev="0" fileid="2" />
                <SequencePoint vc="1" uspid="4533" ordinal="0" offset="151" sl="73" sc="9" el="73" ec="9" bec="0" bev="0" fileid="2" />
                <SequencePoint vc="1" uspid="4534" ordinal="0" offset="162" sl="74" sc="9" el="74" ec="9" bec="0" bev="0" fileid="2" />
                <SequencePoint vc="1" uspid="4535" ordinal="0" offset="182" sl="75" sc="9" el="75" ec="9" bec="0" bev="0" fileid="2" />
                <SequencePoint vc="1" uspid="4536" ordinal="0" offset="202" sl="76" sc="9" el="76" ec="9" bec="0" bev="0" fileid="2" />
                <SequencePoint vc="1" uspid="4537" ordinal="0" offset="222" sl="77" sc="9" el="77" ec="9" bec="0" bev="0" fileid="2" />
                <SequencePoint vc="1" uspid="4538" ordinal="0" offset="245" sl="78" sc="9" el="78" ec="9" bec="0" bev="0" fileid="2" />
                <SequencePoint vc="1" uspid="4539" ordinal="0" offset="268" sl="79" sc="9" el="79" ec="9" bec="0" bev="0" fileid="2" />
                <SequencePoint vc="1" uspid="4540" ordinal="0" offset="291" sl="80" sc="5" el="80" ec="5" bec="0" bev="0" fileid="2" />
              </SequencePoints>
              <BranchPoints />
            </Method>
            <Method visited="true" cyclomaticComplexity="0" nPathComplexity="0" sequenceCoverage="100.0" branchCoverage="0" crapScore="0" isConstructor="false" isStatic="false" isGetter="false" isSetter="false">
              <Summary numSequencePoints="12" visitedSequencePoints="12" numBranchPoints="0" visitedBranchPoints="0" sequenceCoverage="100.0" branchCoverage="0" maxCyclomaticComplexity="0" minCyclomaticComplexity="0" maxCrapScore="0" minCrapScore="0" visitedClasses="0" numClasses="0" visitedMethods="1" numMethods="1" />
              <MetadataToken>100663307</MetadataToken>
              <Name>System.Void ModelTests::StartGameTest()</Name>
              <FileRef uid="2" />
              <SequencePoints>
                <SequencePoint vc="1" uspid="4541" ordinal="0" offset="0" sl="83" sc="5" el="83" ec="5" bec="0" bev="0" fileid="2" />
                <SequencePoint vc="1" uspid="4542" ordinal="0" offset="1" sl="84" sc="9" el="84" ec="9" bec="0" bev="0" fileid="2" />
                <SequencePoint vc="1" uspid="4543" ordinal="0" offset="13" sl="85" sc="9" el="85" ec="9" bec="0" bev="0" fileid="2" />
                <SequencePoint vc="1" uspid="4544" ordinal="0" offset="36" sl="86" sc="9" el="86" ec="9" bec="0" bev="0" fileid="2" />
                <SequencePoint vc="1" uspid="4545" ordinal="0" offset="48" sl="87" sc="9" el="87" ec="9" bec="0" bev="0" fileid="2" />
                <SequencePoint vc="1" uspid="4546" ordinal="0" offset="60" sl="88" sc="9" el="88" ec="9" bec="0" bev="0" fileid="2" />
                <SequencePoint vc="1" uspid="4547" ordinal="0" offset="88" sl="89" sc="9" el="89" ec="9" bec="0" bev="0" fileid="2" />
                <SequencePoint vc="1" uspid="4548" ordinal="0" offset="137" sl="90" sc="9" el="90" ec="9" bec="0" bev="0" fileid="2" />
                <SequencePoint vc="1" uspid="4549" ordinal="0" offset="160" sl="91" sc="9" el="91" ec="9" bec="0" bev="0" fileid="2" />
                <SequencePoint vc="1" uspid="4550" ordinal="0" offset="172" sl="92" sc="9" el="92" ec="9" bec="0" bev="0" fileid="2" />
                <SequencePoint vc="1" uspid="4551" ordinal="0" offset="184" sl="93" sc="9" el="93" ec="9" bec="0" bev="0" fileid="2" />
                <SequencePoint vc="1" uspid="4552" ordinal="0" offset="212" sl="94" sc="5" el="94" ec="5" bec="0" bev="0" fileid="2" />
              </SequencePoints>
              <BranchPoints />
            </Method>
            <Method visited="true" cyclomaticComplexity="0" nPathComplexity="0" sequenceCoverage="100.0" branchCoverage="0" crapScore="0" isConstructor="false" isStatic="false" isGetter="false" isSetter="false">
              <Summary numSequencePoints="8" visitedSequencePoints="8" numBranchPoints="0" visitedBranchPoints="0" sequenceCoverage="100.0" branchCoverage="0" maxCyclomaticComplexity="0" minCyclomaticComplexity="0" maxCrapScore="0" minCrapScore="0" visitedClasses="0" numClasses="0" visitedMethods="1" numMethods="1" />
              <MetadataToken>100663308</MetadataToken>
              <Name>System.Void ModelTests::LoadGameTest()</Name>
              <FileRef uid="2" />
              <SequencePoints>
                <SequencePoint vc="1" uspid="4553" ordinal="0" offset="0" sl="97" sc="5" el="97" ec="5" bec="0" bev="0" fileid="2" />
                <SequencePoint vc="1" uspid="4554" ordinal="0" offset="1" sl="98" sc="9" el="98" ec="9" bec="0" bev="0" fileid="2" />
                <SequencePoint vc="1" uspid="4555" ordinal="0" offset="13" sl="99" sc="9" el="99" ec="9" bec="0" bev="0" fileid="2" />
                <SequencePoint vc="1" uspid="4556" ordinal="0" offset="25" sl="100" sc="9" el="100" ec="9" bec="0" bev="0" fileid="2" />
                <SequencePoint vc="1" uspid="4557" ordinal="0" offset="33" sl="101" sc="9" el="101" ec="9" bec="0" bev="0" fileid="2" />
                <SequencePoint vc="1" uspid="4558" ordinal="0" offset="66" sl="102" sc="9" el="102" ec="9" bec="0" bev="0" fileid="2" />
                <SequencePoint vc="1" uspid="4559" ordinal="0" offset="100" sl="103" sc="9" el="103" ec="9" bec="0" bev="0" fileid="2" />
                <SequencePoint vc="1" uspid="4560" ordinal="0" offset="133" sl="104" sc="5" el="104" ec="5" bec="0" bev="0" fileid="2" />
              </SequencePoints>
              <BranchPoints />
            </Method>
            <Method visited="true" cyclomaticComplexity="0" nPathComplexity="0" sequenceCoverage="100.0" branchCoverage="0" crapScore="0" isConstructor="false" isStatic="false" isGetter="false" isSetter="false">
              <Summary numSequencePoints="11" visitedSequencePoints="11" numBranchPoints="0" visitedBranchPoints="0" sequenceCoverage="100.0" branchCoverage="0" maxCyclomaticComplexity="0" minCyclomaticComplexity="0" maxCrapScore="0" minCrapScore="0" visitedClasses="0" numClasses="0" visitedMethods="1" numMethods="1" />
              <MetadataToken>100663309</MetadataToken>
              <Name>System.Void ModelTests::GiveSurvivorsGenericWeaponTest()</Name>
              <FileRef uid="2" />
              <SequencePoints>
                <SequencePoint vc="1" uspid="4561" ordinal="0" offset="0" sl="107" sc="5" el="107" ec="5" bec="0" bev="0" fileid="2" />
                <SequencePoint vc="1" uspid="4562" ordinal="0" offset="1" sl="108" sc="9" el="108" ec="9" bec="0" bev="0" fileid="2" />
                <SequencePoint vc="1" uspid="4563" ordinal="0" offset="13" sl="109" sc="9" el="109" ec="9" bec="0" bev="0" fileid="2" />
                <SequencePoint vc="1" uspid="4564" ordinal="0" offset="62" sl="110" sc="9" el="110" ec="9" bec="0" bev="0" fileid="2" />
                <SequencePoint vc="1" uspid="4565" ordinal="0" offset="83" sl="111" sc="9" el="111" ec="9" bec="0" bev="0" fileid="2" />
                <SequencePoint vc="1" uspid="4566" ordinal="0" offset="104" sl="112" sc="9" el="112" ec="9" bec="0" bev="0" fileid="2" />
                <SequencePoint vc="1" uspid="4567" ordinal="0" offset="125" sl="113" sc="9" el="113" ec="9" bec="0" bev="0" fileid="2" />
                <SequencePoint vc="1" uspid="4568" ordinal="0" offset="161" sl="114" sc="9" el="114" ec="9" bec="0" bev="0" fileid="2" />
                <SequencePoint vc="1" uspid="4569" ordinal="0" offset="190" sl="115" sc="9" el="115" ec="9" bec="0" bev="0" fileid="2" />
                <SequencePoint vc="1" uspid="4570" ordinal="0" offset="219" sl="116" sc="9" el="116" ec="9" bec="0" bev="0" fileid="2" />
                <SequencePoint vc="1" uspid="4571" ordinal="0" offset="248" sl="117" sc="5" el="117" ec="5" bec="0" bev="0" fileid="2" />
              </SequencePoints>
              <BranchPoints />
            </Method>
            <Method visited="true" cyclomaticComplexity="0" nPathComplexity="0" sequenceCoverage="100.0" branchCoverage="0" crapScore="0" isConstructor="false" isStatic="false" isGetter="false" isSetter="false">
              <Summary numSequencePoints="10" visitedSequencePoints="10" numBranchPoints="0" visitedBranchPoints="0" sequenceCoverage="100.0" branchCoverage="0" maxCyclomaticComplexity="0" minCyclomaticComplexity="0" maxCrapScore="0" minCrapScore="0" visitedClasses="0" numClasses="0" visitedMethods="1" numMethods="1" />
              <MetadataToken>100663310</MetadataToken>
              <Name>System.Void ModelTests::SetPlayerOrderTest()</Name>
              <FileRef uid="2" />
              <SequencePoints>
                <SequencePoint vc="1" uspid="4572" ordinal="0" offset="0" sl="120" sc="5" el="120" ec="5" bec="0" bev="0" fileid="2" />
                <SequencePoint vc="1" uspid="4573" ordinal="0" offset="1" sl="121" sc="9" el="121" ec="9" bec="0" bev="0" fileid="2" />
                <SequencePoint vc="1" uspid="4574" ordinal="0" offset="13" sl="122" sc="9" el="122" ec="9" bec="0" bev="0" fileid="2" />
                <SequencePoint vc="1" uspid="4575" ordinal="0" offset="62" sl="123" sc="9" el="123" ec="9" bec="0" bev="0" fileid="2" />
                <SequencePoint vc="1" uspid="4576" ordinal="0" offset="90" sl="124" sc="9" el="124" ec="9" bec="0" bev="0" fileid="2" />
                <SequencePoint vc="1" uspid="4577" ordinal="0" offset="138" sl="125" sc="9" el="125" ec="9" bec="0" bev="0" fileid="2" />
                <SequencePoint vc="1" uspid="4578" ordinal="0" offset="160" sl="126" sc="9" el="126" ec="9" bec="0" bev="0" fileid="2" />
                <SequencePoint vc="1" uspid="4579" ordinal="0" offset="188" sl="127" sc="9" el="127" ec="9" bec="0" bev="0" fileid="2" />
                <SequencePoint vc="1" uspid="4580" ordinal="0" offset="216" sl="128" sc="9" el="128" ec="9" bec="0" bev="0" fileid="2" />
                <SequencePoint vc="1" uspid="4581" ordinal="0" offset="244" sl="129" sc="5" el="129" ec="5" bec="0" bev="0" fileid="2" />
              </SequencePoints>
              <BranchPoints />
            </Method>
            <Method visited="true" cyclomaticComplexity="0" nPathComplexity="0" sequenceCoverage="100.0" branchCoverage="0" crapScore="0" isConstructor="false" isStatic="false" isGetter="false" isSetter="false">
              <Summary numSequencePoints="13" visitedSequencePoints="13" numBranchPoints="0" visitedBranchPoints="0" sequenceCoverage="100.0" branchCoverage="0" maxCyclomaticComplexity="0" minCyclomaticComplexity="0" maxCrapScore="0" minCrapScore="0" visitedClasses="0" numClasses="0" visitedMethods="1" numMethods="1" />
              <MetadataToken>100663311</MetadataToken>
              <Name>System.Void ModelTests::BuildingOpenedTest()</Name>
              <FileRef uid="2" />
              <SequencePoints>
                <SequencePoint vc="1" uspid="4582" ordinal="0" offset="0" sl="132" sc="5" el="132" ec="5" bec="0" bev="0" fileid="2" />
                <SequencePoint vc="1" uspid="4583" ordinal="0" offset="1" sl="133" sc="9" el="133" ec="9" bec="0" bev="0" fileid="2" />
                <SequencePoint vc="1" uspid="4584" ordinal="0" offset="13" sl="134" sc="9" el="134" ec="9" bec="0" bev="0" fileid="2" />
                <SequencePoint vc="1" uspid="4585" ordinal="0" offset="62" sl="135" sc="9" el="135" ec="9" bec="0" bev="0" fileid="2" />
                <SequencePoint vc="1" uspid="4586" ordinal="0" offset="98" sl="136" sc="9" el="136" ec="9" bec="0" bev="0" fileid="2" />
                <SequencePoint vc="1" uspid="4587" ordinal="0" offset="109" sl="137" sc="9" el="137" ec="9" bec="0" bev="0" fileid="2" />
                <SequencePoint vc="1" uspid="4588" ordinal="0" offset="129" sl="138" sc="9" el="138" ec="9" bec="0" bev="0" fileid="2" />
                <SequencePoint vc="1" uspid="4589" ordinal="0" offset="142" sl="139" sc="9" el="139" ec="9" bec="0" bev="0" fileid="2" />
                <SequencePoint vc="1" uspid="4590" ordinal="0" offset="197" sl="140" sc="9" el="140" ec="9" bec="0" bev="0" fileid="2" />
                <SequencePoint vc="1" uspid="4591" ordinal="0" offset="209" sl="141" sc="9" el="141" ec="9" bec="0" bev="0" fileid="2" />
                <SequencePoint vc="1" uspid="4592" ordinal="0" offset="233" sl="142" sc="9" el="142" ec="9" bec="0" bev="0" fileid="2" />
                <SequencePoint vc="1" uspid="4593" ordinal="0" offset="246" sl="143" sc="9" el="143" ec="9" bec="0" bev="0" fileid="2" />
                <SequencePoint vc="1" uspid="4594" ordinal="0" offset="258" sl="144" sc="5" el="144" ec="5" bec="0" bev="0" fileid="2" />
              </SequencePoints>
              <BranchPoints />
            </Method>
            <Method visited="true" cyclomaticComplexity="0" nPathComplexity="0" sequenceCoverage="100.0" branchCoverage="0" crapScore="0" isConstructor="false" isStatic="false" isGetter="false" isSetter="false">
              <Summary numSequencePoints="10" visitedSequencePoints="10" numBranchPoints="0" visitedBranchPoints="0" sequenceCoverage="100.0" branchCoverage="0" maxCyclomaticComplexity="0" minCyclomaticComplexity="0" maxCrapScore="0" minCrapScore="0" visitedClasses="0" numClasses="0" visitedMethods="1" numMethods="1" />
              <MetadataToken>100663312</MetadataToken>
              <Name>System.Void ModelTests::NextPlayerTest()</Name>
              <FileRef uid="2" />
              <SequencePoints>
                <SequencePoint vc="1" uspid="4595" ordinal="0" offset="0" sl="147" sc="5" el="147" ec="5" bec="0" bev="0" fileid="2" />
                <SequencePoint vc="1" uspid="4596" ordinal="0" offset="1" sl="148" sc="9" el="148" ec="9" bec="0" bev="0" fileid="2" />
                <SequencePoint vc="1" uspid="4597" ordinal="0" offset="13" sl="149" sc="9" el="149" ec="9" bec="0" bev="0" fileid="2" />
                <SequencePoint vc="1" uspid="4598" ordinal="0" offset="62" sl="150" sc="9" el="150" ec="9" bec="0" bev="0" fileid="2" />
                <SequencePoint vc="1" uspid="4599" ordinal="0" offset="110" sl="151" sc="9" el="151" ec="9" bec="0" bev="0" fileid="2" />
                <SequencePoint vc="1" uspid="4600" ordinal="0" offset="132" sl="152" sc="9" el="152" ec="9" bec="0" bev="0" fileid="2" />
                <SequencePoint vc="1" uspid="4601" ordinal="0" offset="139" sl="153" sc="9" el="153" ec="9" bec="0" bev="0" fileid="2" />
                <SequencePoint vc="1" uspid="4602" ordinal="0" offset="161" sl="154" sc="9" el="154" ec="9" bec="0" bev="0" fileid="2" />
                <SequencePoint vc="1" uspid="4603" ordinal="0" offset="168" sl="155" sc="9" el="155" ec="9" bec="0" bev="0" fileid="2" />
                <SequencePoint vc="1" uspid="4604" ordinal="0" offset="190" sl="156" sc="5" el="156" ec="5" bec="0" bev="0" fileid="2" />
              </SequencePoints>
              <BranchPoints />
            </Method>
            <Method visited="true" cyclomaticComplexity="0" nPathComplexity="0" sequenceCoverage="100.0" branchCoverage="0" crapScore="0" isConstructor="false" isStatic="false" isGetter="false" isSetter="false">
              <Summary numSequencePoints="14" visitedSequencePoints="14" numBranchPoints="0" visitedBranchPoints="0" sequenceCoverage="100.0" branchCoverage="0" maxCyclomaticComplexity="0" minCyclomaticComplexity="0" maxCrapScore="0" minCrapScore="0" visitedClasses="0" numClasses="0" visitedMethods="1" numMethods="1" />
              <MetadataToken>100663313</MetadataToken>
              <Name>System.Void ModelTests::ShiftPlayerOrderTest()</Name>
              <FileRef uid="2" />
              <SequencePoints>
                <SequencePoint vc="1" uspid="4605" ordinal="0" offset="0" sl="159" sc="5" el="159" ec="5" bec="0" bev="0" fileid="2" />
                <SequencePoint vc="1" uspid="4606" ordinal="0" offset="1" sl="160" sc="9" el="160" ec="9" bec="0" bev="0" fileid="2" />
                <SequencePoint vc="1" uspid="4607" ordinal="0" offset="13" sl="161" sc="9" el="161" ec="9" bec="0" bev="0" fileid="2" />
                <SequencePoint vc="1" uspid="4608" ordinal="0" offset="62" sl="162" sc="9" el="162" ec="9" bec="0" bev="0" fileid="2" />
                <SequencePoint vc="1" uspid="4609" ordinal="0" offset="110" sl="163" sc="9" el="163" ec="9" bec="0" bev="0" fileid="2" />
                <SequencePoint vc="1" uspid="4610" ordinal="0" offset="132" sl="164" sc="9" el="164" ec="9" bec="0" bev="0" fileid="2" />
                <SequencePoint vc="1" uspid="4611" ordinal="0" offset="160" sl="165" sc="9" el="165" ec="9" bec="0" bev="0" fileid="2" />
                <SequencePoint vc="1" uspid="4612" ordinal="0" offset="188" sl="166" sc="9" el="166" ec="9" bec="0" bev="0" fileid="2" />
                <SequencePoint vc="1" uspid="4613" ordinal="0" offset="216" sl="167" sc="9" el="167" ec="9" bec="0" bev="0" fileid="2" />
                <SequencePoint vc="1" uspid="4614" ordinal="0" offset="223" sl="168" sc="9" el="168" ec="9" bec="0" bev="0" fileid="2" />
                <SequencePoint vc="1" uspid="4615" ordinal="0" offset="245" sl="169" sc="9" el="169" ec="9" bec="0" bev="0" fileid="2" />
                <SequencePoint vc="1" uspid="4616" ordinal="0" offset="273" sl="170" sc="9" el="170" ec="9" bec="0" bev="0" fileid="2" />
                <SequencePoint vc="1" uspid="4617" ordinal="0" offset="301" sl="171" sc="9" el="171" ec="9" bec="0" bev="0" fileid="2" />
                <SequencePoint vc="1" uspid="4618" ordinal="0" offset="329" sl="172" sc="5" el="172" ec="5" bec="0" bev="0" fileid="2" />
              </SequencePoints>
              <BranchPoints />
            </Method>
            <Method visited="true" cyclomaticComplexity="0" nPathComplexity="0" sequenceCoverage="100.0" branchCoverage="0" crapScore="0" isConstructor="false" isStatic="false" isGetter="false" isSetter="false">
              <Summary numSequencePoints="10" visitedSequencePoints="10" numBranchPoints="0" visitedBranchPoints="0" sequenceCoverage="100.0" branchCoverage="0" maxCyclomaticComplexity="0" minCyclomaticComplexity="0" maxCrapScore="0" minCrapScore="0" visitedClasses="0" numClasses="0" visitedMethods="1" numMethods="1" />
              <MetadataToken>100663314</MetadataToken>
              <Name>System.Void ModelTests::CheckWinTest()</Name>
              <FileRef uid="2" />
              <SequencePoints>
                <SequencePoint vc="1" uspid="4619" ordinal="0" offset="0" sl="175" sc="5" el="175" ec="5" bec="0" bev="0" fileid="2" />
                <SequencePoint vc="1" uspid="4620" ordinal="0" offset="1" sl="176" sc="9" el="176" ec="9" bec="0" bev="0" fileid="2" />
                <SequencePoint vc="1" uspid="4621" ordinal="0" offset="13" sl="177" sc="9" el="177" ec="9" bec="0" bev="0" fileid="2" />
                <SequencePoint vc="1" uspid="4622" ordinal="0" offset="62" sl="178" sc="9" el="178" ec="9" bec="0" bev="0" fileid="2" />
                <SequencePoint vc="1" uspid="4623" ordinal="0" offset="74" sl="179" sc="9" el="179" ec="9" bec="0" bev="0" fileid="2" />
                <SequencePoint vc="1" uspid="4624" ordinal="0" offset="93" sl="180" sc="9" el="180" ec="9" bec="0" bev="0" fileid="2" />
                <SequencePoint vc="1" uspid="4625" ordinal="0" offset="110" sl="181" sc="9" el="181" ec="9" bec="0" bev="0" fileid="2" />
                <SequencePoint vc="1" uspid="4626" ordinal="0" offset="127" sl="182" sc="9" el="182" ec="9" bec="0" bev="0" fileid="2" />
                <SequencePoint vc="1" uspid="4627" ordinal="0" offset="144" sl="183" sc="9" el="183" ec="9" bec="0" bev="0" fileid="2" />
                <SequencePoint vc="1" uspid="4628" ordinal="0" offset="151" sl="184" sc="5" el="184" ec="5" bec="0" bev="0" fileid="2" />
              </SequencePoints>
              <BranchPoints />
            </Method>
            <Method visited="true" cyclomaticComplexity="0" nPathComplexity="0" sequenceCoverage="100.0" branchCoverage="0" crapScore="0" isConstructor="false" isStatic="false" isGetter="false" isSetter="false">
              <Summary numSequencePoints="3" visitedSequencePoints="3" numBranchPoints="0" visitedBranchPoints="0" sequenceCoverage="100.0" branchCoverage="0" maxCyclomaticComplexity="0" minCyclomaticComplexity="0" maxCrapScore="0" minCrapScore="0" visitedClasses="0" numClasses="0" visitedMethods="1" numMethods="1" />
              <MetadataToken>100663315</MetadataToken>
              <Name>System.Void ModelTests::Model_GameEnded(System.Object, System.Boolean)</Name>
              <FileRef uid="2" />
              <SequencePoints>
                <SequencePoint vc="1" uspid="4629" ordinal="0" offset="0" sl="186" sc="5" el="186" ec="5" bec="0" bev="0" fileid="2" />
                <SequencePoint vc="1" uspid="4630" ordinal="0" offset="1" sl="187" sc="9" el="187" ec="9" bec="0" bev="0" fileid="2" />
                <SequencePoint vc="1" uspid="4631" ordinal="0" offset="8" sl="188" sc="5" el="188" ec="5" bec="0" bev="0" fileid="2" />
              </SequencePoints>
              <BranchPoints />
            </Method>
            <Method visited="true" cyclomaticComplexity="0" nPathComplexity="0" sequenceCoverage="100.0" branchCoverage="0" crapScore="0" isConstructor="false" isStatic="false" isGetter="false" isSetter="false">
              <Summary numSequencePoints="14" visitedSequencePoints="14" numBranchPoints="0" visitedBranchPoints="0" sequenceCoverage="100.0" branchCoverage="0" maxCyclomaticComplexity="0" minCyclomaticComplexity="0" maxCrapScore="0" minCrapScore="0" visitedClasses="0" numClasses="0" visitedMethods="1" numMethods="1" />
              <MetadataToken>100663316</MetadataToken>
              <Name>System.Void ModelTests::SortZombiesByNewPriorityTest()</Name>
              <FileRef uid="2" />
              <SequencePoints>
                <SequencePoint vc="1" uspid="4632" ordinal="0" offset="0" sl="192" sc="5" el="192" ec="5" bec="0" bev="0" fileid="2" />
                <SequencePoint vc="1" uspid="4633" ordinal="0" offset="1" sl="193" sc="9" el="193" ec="9" bec="0" bev="0" fileid="2" />
                <SequencePoint vc="1" uspid="4634" ordinal="0" offset="13" sl="194" sc="9" el="194" ec="9" bec="0" bev="0" fileid="2" />
                <SequencePoint vc="1" uspid="4635" ordinal="0" offset="62" sl="195" sc="9" el="195" ec="9" bec="0" bev="0" fileid="2" />
                <SequencePoint vc="1" uspid="4636" ordinal="0" offset="85" sl="196" sc="9" el="196" ec="9" bec="0" bev="0" fileid="2" />
                <SequencePoint vc="1" uspid="4637" ordinal="0" offset="108" sl="197" sc="9" el="197" ec="9" bec="0" bev="0" fileid="2" />
                <SequencePoint vc="1" uspid="4638" ordinal="0" offset="128" sl="198" sc="9" el="198" ec="9" bec="0" bev="0" fileid="2" />
                <SequencePoint vc="1" uspid="4639" ordinal="0" offset="149" sl="199" sc="9" el="199" ec="9" bec="0" bev="0" fileid="2" />
                <SequencePoint vc="1" uspid="4640" ordinal="0" offset="170" sl="200" sc="9" el="200" ec="9" bec="0" bev="0" fileid="2" />
                <SequencePoint vc="1" uspid="4641" ordinal="0" offset="191" sl="201" sc="9" el="201" ec="9" bec="0" bev="0" fileid="2" />
                <SequencePoint vc="1" uspid="4642" ordinal="0" offset="228" sl="202" sc="9" el="202" ec="9" bec="0" bev="0" fileid="2" />
                <SequencePoint vc="1" uspid="4643" ordinal="0" offset="249" sl="203" sc="9" el="203" ec="9" bec="0" bev="0" fileid="2" />
                <SequencePoint vc="1" uspid="4644" ordinal="0" offset="270" sl="204" sc="9" el="204" ec="9" bec="0" bev="0" fileid="2" />
                <SequencePoint vc="1" uspid="4645" ordinal="0" offset="291" sl="205" sc="5" el="205" ec="5" bec="0" bev="0" fileid="2" />
              </SequencePoints>
              <BranchPoints />
            </Method>
            <Method visited="true" cyclomaticComplexity="0" nPathComplexity="0" sequenceCoverage="100.0" branchCoverage="0" crapScore="0" isConstructor="false" isStatic="false" isGetter="false" isSetter="false">
              <Summary numSequencePoints="16" visitedSequencePoints="16" numBranchPoints="0" visitedBranchPoints="0" sequenceCoverage="100.0" branchCoverage="0" maxCyclomaticComplexity="0" minCyclomaticComplexity="0" maxCrapScore="0" minCrapScore="0" visitedClasses="0" numClasses="0" visitedMethods="1" numMethods="1" />
              <MetadataToken>100663317</MetadataToken>
              <Name>System.Void ModelTests::RemoveZombieTest()</Name>
              <FileRef uid="2" />
              <SequencePoints>
                <SequencePoint vc="1" uspid="4646" ordinal="0" offset="0" sl="208" sc="5" el="208" ec="5" bec="0" bev="0" fileid="2" />
                <SequencePoint vc="1" uspid="4647" ordinal="0" offset="1" sl="209" sc="9" el="209" ec="9" bec="0" bev="0" fileid="2" />
                <SequencePoint vc="1" uspid="4648" ordinal="0" offset="13" sl="210" sc="9" el="210" ec="9" bec="0" bev="0" fileid="2" />
                <SequencePoint vc="1" uspid="4649" ordinal="0" offset="62" sl="211" sc="9" el="211" ec="9" bec="0" bev="0" fileid="2" />
                <SequencePoint vc="1" uspid="4650" ordinal="0" offset="85" sl="212" sc="9" el="212" ec="9" bec="0" bev="0" fileid="2" />
                <SequencePoint vc="1" uspid="4651" ordinal="0" offset="108" sl="213" sc="9" el="213" ec="9" bec="0" bev="0" fileid="2" />
                <SequencePoint vc="1" uspid="4652" ordinal="0" offset="128" sl="214" sc="9" el="214" ec="9" bec="0" bev="0" fileid="2" />
                <SequencePoint vc="1" uspid="4653" ordinal="0" offset="148" sl="215" sc="9" el="215" ec="9" bec="0" bev="0" fileid="2" />
                <SequencePoint vc="1" uspid="4654" ordinal="0" offset="171" sl="216" sc="9" el="216" ec="9" bec="0" bev="0" fileid="2" />
                <SequencePoint vc="1" uspid="4655" ordinal="0" offset="194" sl="217" sc="9" el="217" ec="9" bec="0" bev="0" fileid="2" />
                <SequencePoint vc="1" uspid="4656" ordinal="0" offset="208" sl="218" sc="9" el="218" ec="9" bec="0" bev="0" fileid="2" />
                <SequencePoint vc="1" uspid="4657" ordinal="0" offset="222" sl="219" sc="9" el="219" ec="9" bec="0" bev="0" fileid="2" />
                <SequencePoint vc="1" uspid="4658" ordinal="0" offset="242" sl="220" sc="9" el="220" ec="9" bec="0" bev="0" fileid="2" />
                <SequencePoint vc="1" uspid="4659" ordinal="0" offset="262" sl="221" sc="9" el="221" ec="9" bec="0" bev="0" fileid="2" />
                <SequencePoint vc="1" uspid="4660" ordinal="0" offset="285" sl="222" sc="9" el="222" ec="9" bec="0" bev="0" fileid="2" />
                <SequencePoint vc="1" uspid="4661" ordinal="0" offset="308" sl="223" sc="5" el="223" ec="5" bec="0" bev="0" fileid="2" />
              </SequencePoints>
              <BranchPoints />
            </Method>
            <Method visited="true" cyclomaticComplexity="0" nPathComplexity="0" sequenceCoverage="100.0" branchCoverage="0" crapScore="0" isConstructor="false" isStatic="false" isGetter="false" isSetter="false">
              <Summary numSequencePoints="10" visitedSequencePoints="10" numBranchPoints="0" visitedBranchPoints="0" sequenceCoverage="100.0" branchCoverage="0" maxCyclomaticComplexity="0" minCyclomaticComplexity="0" maxCrapScore="0" minCrapScore="0" visitedClasses="0" numClasses="0" visitedMethods="1" numMethods="1" />
              <MetadataToken>100663318</MetadataToken>
              <Name>System.Void ModelTests::FindNextStepToNoisiestTest()</Name>
              <FileRef uid="2" />
              <SequencePoints>
                <SequencePoint vc="1" uspid="4662" ordinal="0" offset="0" sl="226" sc="5" el="226" ec="5" bec="0" bev="0" fileid="2" />
                <SequencePoint vc="1" uspid="4663" ordinal="0" offset="1" sl="227" sc="9" el="227" ec="9" bec="0" bev="0" fileid="2" />
                <SequencePoint vc="1" uspid="4664" ordinal="0" offset="13" sl="228" sc="9" el="228" ec="9" bec="0" bev="0" fileid="2" />
                <SequencePoint vc="1" uspid="4665" ordinal="0" offset="62" sl="229" sc="9" el="229" ec="9" bec="0" bev="0" fileid="2" />
                <SequencePoint vc="1" uspid="4666" ordinal="0" offset="89" sl="230" sc="9" el="230" ec="9" bec="0" bev="0" fileid="2" />
                <SequencePoint vc="1" uspid="4667" ordinal="0" offset="109" sl="231" sc="9" el="231" ec="9" bec="0" bev="0" fileid="2" />
                <SequencePoint vc="1" uspid="4668" ordinal="0" offset="133" sl="232" sc="9" el="232" ec="9" bec="0" bev="0" fileid="2" />
                <SequencePoint vc="1" uspid="4669" ordinal="0" offset="160" sl="233" sc="9" el="233" ec="9" bec="0" bev="0" fileid="2" />
                <SequencePoint vc="1" uspid="4670" ordinal="0" offset="180" sl="234" sc="9" el="234" ec="9" bec="0" bev="0" fileid="2" />
                <SequencePoint vc="1" uspid="4671" ordinal="0" offset="204" sl="235" sc="5" el="235" ec="5" bec="0" bev="0" fileid="2" />
              </SequencePoints>
              <BranchPoints />
            </Method>
            <Method visited="true" cyclomaticComplexity="0" nPathComplexity="0" sequenceCoverage="100.0" branchCoverage="0" crapScore="0" isConstructor="false" isStatic="false" isGetter="false" isSetter="false">
              <Summary numSequencePoints="12" visitedSequencePoints="12" numBranchPoints="0" visitedBranchPoints="0" sequenceCoverage="100.0" branchCoverage="0" maxCyclomaticComplexity="0" minCyclomaticComplexity="0" maxCrapScore="0" minCrapScore="0" visitedClasses="0" numClasses="0" visitedMethods="1" numMethods="1" />
              <MetadataToken>100663319</MetadataToken>
              <Name>System.Void ModelTests::SpawnZombiesTest()</Name>
              <FileRef uid="2" />
              <SequencePoints>
                <SequencePoint vc="1" uspid="4672" ordinal="0" offset="0" sl="238" sc="5" el="238" ec="5" bec="0" bev="0" fileid="2" />
                <SequencePoint vc="1" uspid="4673" ordinal="0" offset="1" sl="239" sc="9" el="239" ec="9" bec="0" bev="0" fileid="2" />
                <SequencePoint vc="1" uspid="4674" ordinal="0" offset="13" sl="240" sc="9" el="240" ec="9" bec="0" bev="0" fileid="2" />
                <SequencePoint vc="1" uspid="4675" ordinal="0" offset="62" sl="241" sc="9" el="241" ec="9" bec="0" bev="0" fileid="2" />
                <SequencePoint vc="1" uspid="4676" ordinal="0" offset="122" sl="247" sc="9" el="247" ec="9" bec="0" bev="0" fileid="2" />
                <SequencePoint vc="1" uspid="4677" ordinal="0" offset="163" sl="248" sc="9" el="248" ec="9" bec="0" bev="0" fileid="2" />
                <SequencePoint vc="1" uspid="4678" ordinal="0" offset="204" sl="249" sc="9" el="249" ec="9" bec="0" bev="0" fileid="2" />
                <SequencePoint vc="1" uspid="4679" ordinal="0" offset="245" sl="250" sc="9" el="250" ec="9" bec="0" bev="0" fileid="2" />
                <SequencePoint vc="1" uspid="4680" ordinal="0" offset="253" sl="251" sc="9" el="251" ec="9" bec="0" bev="0" fileid="2" />
                <SequencePoint vc="1" uspid="4681" ordinal="0" offset="294" sl="252" sc="9" el="252" ec="9" bec="0" bev="0" fileid="2" />
                <SequencePoint vc="1" uspid="4682" ordinal="0" offset="335" sl="253" sc="9" el="253" ec="9" bec="0" bev="0" fileid="2" />
                <SequencePoint vc="1" uspid="4683" ordinal="0" offset="376" sl="254" sc="5" el="254" ec="5" bec="0" bev="0" fileid="2" />
              </SequencePoints>
              <BranchPoints />
            </Method>
            <Method visited="true" cyclomaticComplexity="0" nPathComplexity="0" sequenceCoverage="100.0" branchCoverage="0" crapScore="0" isConstructor="false" isStatic="false" isGetter="false" isSetter="false">
              <Summary numSequencePoints="10" visitedSequencePoints="10" numBranchPoints="0" visitedBranchPoints="0" sequenceCoverage="100.0" branchCoverage="0" maxCyclomaticComplexity="0" minCyclomaticComplexity="0" maxCrapScore="0" minCrapScore="0" visitedClasses="0" numClasses="0" visitedMethods="1" numMethods="1" />
              <MetadataToken>100663320</MetadataToken>
              <Name>System.Void ModelTests::SpawnZombiesOnTileTest()</Name>
              <FileRef uid="2" />
              <SequencePoints>
                <SequencePoint vc="1" uspid="4684" ordinal="0" offset="0" sl="257" sc="5" el="257" ec="5" bec="0" bev="0" fileid="2" />
                <SequencePoint vc="1" uspid="4685" ordinal="0" offset="1" sl="258" sc="9" el="258" ec="9" bec="0" bev="0" fileid="2" />
                <SequencePoint vc="1" uspid="4686" ordinal="0" offset="13" sl="259" sc="9" el="259" ec="9" bec="0" bev="0" fileid="2" />
                <SequencePoint vc="1" uspid="4687" ordinal="0" offset="62" sl="260" sc="9" el="260" ec="9" bec="0" bev="0" fileid="2" />
                <SequencePoint vc="1" uspid="4688" ordinal="0" offset="103" sl="261" sc="9" el="261" ec="9" bec="0" bev="0" fileid="2" />
                <SequencePoint vc="1" uspid="4689" ordinal="0" offset="134" sl="262" sc="9" el="262" ec="9" bec="0" bev="0" fileid="2" />
                <SequencePoint vc="1" uspid="4690" ordinal="0" offset="154" sl="263" sc="9" el="263" ec="9" bec="0" bev="0" fileid="2" />
                <SequencePoint vc="1" uspid="4691" ordinal="0" offset="177" sl="264" sc="9" el="264" ec="9" bec="0" bev="0" fileid="2" />
                <SequencePoint vc="1" uspid="4692" ordinal="0" offset="198" sl="265" sc="9" el="265" ec="9" bec="0" bev="0" fileid="2" />
                <SequencePoint vc="1" uspid="4693" ordinal="0" offset="219" sl="266" sc="5" el="266" ec="5" bec="0" bev="0" fileid="2" />
              </SequencePoints>
              <BranchPoints />
            </Method>
            <Method visited="true" cyclomaticComplexity="0" nPathComplexity="0" sequenceCoverage="100.0" branchCoverage="0" crapScore="0" isConstructor="false" isStatic="false" isGetter="false" isSetter="false">
              <Summary numSequencePoints="12" visitedSequencePoints="12" numBranchPoints="0" visitedBranchPoints="0" sequenceCoverage="100.0" branchCoverage="0" maxCyclomaticComplexity="0" minCyclomaticComplexity="0" maxCrapScore="0" minCrapScore="0" visitedClasses="0" numClasses="0" visitedMethods="1" numMethods="1" />
              <MetadataToken>100663321</MetadataToken>
              <Name>System.Void ModelTests::SpawnZombieTest()</Name>
              <FileRef uid="2" />
              <SequencePoints>
                <SequencePoint vc="1" uspid="4694" ordinal="0" offset="0" sl="269" sc="5" el="269" ec="5" bec="0" bev="0" fileid="2" />
                <SequencePoint vc="1" uspid="4695" ordinal="0" offset="1" sl="270" sc="9" el="270" ec="9" bec="0" bev="0" fileid="2" />
                <SequencePoint vc="1" uspid="4696" ordinal="0" offset="13" sl="271" sc="9" el="271" ec="9" bec="0" bev="0" fileid="2" />
                <SequencePoint vc="1" uspid="4697" ordinal="0" offset="62" sl="272" sc="9" el="272" ec="9" bec="0" bev="0" fileid="2" />
                <SequencePoint vc="1" uspid="4698" ordinal="0" offset="103" sl="273" sc="9" el="273" ec="9" bec="0" bev="0" fileid="2" />
                <SequencePoint vc="1" uspid="4699" ordinal="0" offset="126" sl="274" sc="9" el="274" ec="9" bec="0" bev="0" fileid="2" />
                <SequencePoint vc="1" uspid="4700" ordinal="0" offset="167" sl="275" sc="9" el="275" ec="9" bec="0" bev="0" fileid="2" />
                <SequencePoint vc="1" uspid="4701" ordinal="0" offset="196" sl="276" sc="9" el="276" ec="9" bec="0" bev="0" fileid="2" />
                <SequencePoint vc="1" uspid="4702" ordinal="0" offset="237" sl="277" sc="9" el="277" ec="9" bec="0" bev="0" fileid="2" />
                <SequencePoint vc="1" uspid="4703" ordinal="0" offset="260" sl="278" sc="9" el="278" ec="9" bec="0" bev="0" fileid="2" />
                <SequencePoint vc="1" uspid="4704" ordinal="0" offset="301" sl="279" sc="9" el="279" ec="9" bec="0" bev="0" fileid="2" />
                <SequencePoint vc="1" uspid="4705" ordinal="0" offset="342" sl="280" sc="5" el="280" ec="5" bec="0" bev="0" fileid="2" />
              </SequencePoints>
              <BranchPoints />
            </Method>
            <Method visited="true" cyclomaticComplexity="0" nPathComplexity="0" sequenceCoverage="100.0" branchCoverage="0" crapScore="0" isConstructor="true" isStatic="false" isGetter="false" isSetter="false">
              <Summary numSequencePoints="1" visitedSequencePoints="1" numBranchPoints="0" visitedBranchPoints="0" sequenceCoverage="100.0" branchCoverage="0" maxCyclomaticComplexity="0" minCyclomaticComplexity="0" maxCrapScore="0" minCrapScore="0" visitedClasses="0" numClasses="0" visitedMethods="1" numMethods="1" />
              <MetadataToken>100663322</MetadataToken>
              <Name>ModelTests::ModelTests()</Name>
              <FileRef uid="2" />
              <SequencePoints>
                <SequencePoint vc="1" uspid="4706" ordinal="0" offset="0" sl="18" sc="5" el="18" ec="5" bec="0" bev="0" fileid="2" />
              </SequencePoints>
              <BranchPoints />
            </Method>
          </Methods>
        </Class>
        <Class>
          <Summary numSequencePoints="645" visitedSequencePoints="645" numBranchPoints="0" visitedBranchPoints="0" sequenceCoverage="100.0" branchCoverage="0.0" maxCyclomaticComplexity="0" minCyclomaticComplexity="0" maxCrapScore="0" minCrapScore="0" visitedClasses="1" numClasses="1" visitedMethods="28" numMethods="28" />
          <FullName>SurvivorTest</FullName>
          <Methods>
            <Method visited="true" cyclomaticComplexity="0" nPathComplexity="0" sequenceCoverage="100.0" branchCoverage="0" crapScore="0" isConstructor="false" isStatic="false" isGetter="false" isSetter="false">
              <Summary numSequencePoints="11" visitedSequencePoints="11" numBranchPoints="0" visitedBranchPoints="0" sequenceCoverage="100.0" branchCoverage="0" maxCyclomaticComplexity="0" minCyclomaticComplexity="0" maxCrapScore="0" minCrapScore="0" visitedClasses="0" numClasses="0" visitedMethods="1" numMethods="1" />
              <MetadataToken>100663323</MetadataToken>
              <Name>System.Void SurvivorTest::CanUpgradeToTest()</Name>
              <FileRef uid="3" />
              <SequencePoints>
                <SequencePoint vc="1" uspid="4707" ordinal="0" offset="0" sl="22" sc="5" el="22" ec="5" bec="0" bev="0" fileid="3" />
                <SequencePoint vc="1" uspid="4708" ordinal="0" offset="1" sl="23" sc="9" el="23" ec="9" bec="0" bev="0" fileid="3" />
                <SequencePoint vc="1" uspid="4709" ordinal="0" offset="13" sl="24" sc="9" el="24" ec="9" bec="0" bev="0" fileid="3" />
                <SequencePoint vc="1" uspid="4710" ordinal="0" offset="62" sl="25" sc="9" el="25" ec="9" bec="0" bev="0" fileid="3" />
                <SequencePoint vc="1" uspid="4711" ordinal="0" offset="73" sl="26" sc="9" el="26" ec="9" bec="0" bev="0" fileid="3" />
                <SequencePoint vc="1" uspid="4712" ordinal="0" offset="96" sl="27" sc="9" el="27" ec="9" bec="0" bev="0" fileid="3" />
                <SequencePoint vc="1" uspid="4713" ordinal="0" offset="111" sl="28" sc="9" el="28" ec="9" bec="0" bev="0" fileid="3" />
                <SequencePoint vc="1" uspid="4714" ordinal="0" offset="118" sl="29" sc="9" el="29" ec="9" bec="0" bev="0" fileid="3" />
                <SequencePoint vc="1" uspid="4715" ordinal="0" offset="125" sl="30" sc="9" el="30" ec="9" bec="0" bev="0" fileid="3" />
                <SequencePoint vc="1" uspid="4716" ordinal="0" offset="149" sl="31" sc="9" el="31" ec="9" bec="0" bev="0" fileid="3" />
                <SequencePoint vc="1" uspid="4717" ordinal="0" offset="164" sl="32" sc="5" el="32" ec="5" bec="0" bev="0" fileid="3" />
              </SequencePoints>
              <BranchPoints />
            </Method>
            <Method visited="true" cyclomaticComplexity="0" nPathComplexity="0" sequenceCoverage="100.0" branchCoverage="0" crapScore="0" isConstructor="false" isStatic="false" isGetter="false" isSetter="false">
              <Summary numSequencePoints="10" visitedSequencePoints="10" numBranchPoints="0" visitedBranchPoints="0" sequenceCoverage="100.0" branchCoverage="0" maxCyclomaticComplexity="0" minCyclomaticComplexity="0" maxCrapScore="0" minCrapScore="0" visitedClasses="0" numClasses="0" visitedMethods="1" numMethods="1" />
              <MetadataToken>100663324</MetadataToken>
              <Name>System.Void SurvivorTest::CanOpenDoorOnTileTest()</Name>
              <FileRef uid="3" />
              <SequencePoints>
                <SequencePoint vc="1" uspid="4718" ordinal="0" offset="0" sl="35" sc="5" el="35" ec="5" bec="0" bev="0" fileid="3" />
                <SequencePoint vc="1" uspid="4719" ordinal="0" offset="1" sl="36" sc="9" el="36" ec="9" bec="0" bev="0" fileid="3" />
                <SequencePoint vc="1" uspid="4720" ordinal="0" offset="13" sl="37" sc="9" el="37" ec="9" bec="0" bev="0" fileid="3" />
                <SequencePoint vc="1" uspid="4721" ordinal="0" offset="62" sl="38" sc="9" el="38" ec="9" bec="0" bev="0" fileid="3" />
                <SequencePoint vc="1" uspid="4722" ordinal="0" offset="73" sl="39" sc="9" el="39" ec="9" bec="0" bev="0" fileid="3" />
                <SequencePoint vc="1" uspid="4723" ordinal="0" offset="93" sl="40" sc="9" el="40" ec="9" bec="0" bev="0" fileid="3" />
                <SequencePoint vc="1" uspid="4724" ordinal="0" offset="107" sl="41" sc="9" el="41" ec="9" bec="0" bev="0" fileid="3" />
                <SequencePoint vc="1" uspid="4725" ordinal="0" offset="119" sl="42" sc="9" el="42" ec="9" bec="0" bev="0" fileid="3" />
                <SequencePoint vc="1" uspid="4726" ordinal="0" offset="142" sl="43" sc="9" el="43" ec="9" bec="0" bev="0" fileid="3" />
                <SequencePoint vc="1" uspid="4727" ordinal="0" offset="154" sl="44" sc="5" el="44" ec="5" bec="0" bev="0" fileid="3" />
              </SequencePoints>
              <BranchPoints />
            </Method>
            <Method visited="true" cyclomaticComplexity="0" nPathComplexity="0" sequenceCoverage="100.0" branchCoverage="0" crapScore="0" isConstructor="false" isStatic="false" isGetter="false" isSetter="false">
              <Summary numSequencePoints="12" visitedSequencePoints="12" numBranchPoints="0" visitedBranchPoints="0" sequenceCoverage="100.0" branchCoverage="0" maxCyclomaticComplexity="0" minCyclomaticComplexity="0" maxCrapScore="0" minCrapScore="0" visitedClasses="0" numClasses="0" visitedMethods="1" numMethods="1" />
              <MetadataToken>100663325</MetadataToken>
              <Name>System.Void SurvivorTest::HasPlentyOfShellsTest()</Name>
              <FileRef uid="3" />
              <SequencePoints>
                <SequencePoint vc="1" uspid="4728" ordinal="0" offset="0" sl="47" sc="5" el="47" ec="5" bec="0" bev="0" fileid="3" />
                <SequencePoint vc="1" uspid="4729" ordinal="0" offset="1" sl="48" sc="9" el="48" ec="9" bec="0" bev="0" fileid="3" />
                <SequencePoint vc="1" uspid="4730" ordinal="0" offset="13" sl="49" sc="9" el="49" ec="9" bec="0" bev="0" fileid="3" />
                <SequencePoint vc="1" uspid="4731" ordinal="0" offset="62" sl="50" sc="9" el="50" ec="9" bec="0" bev="0" fileid="3" />
                <SequencePoint vc="1" uspid="4732" ordinal="0" offset="73" sl="51" sc="9" el="51" ec="9" bec="0" bev="0" fileid="3" />
                <SequencePoint vc="1" uspid="4733" ordinal="0" offset="84" sl="52" sc="9" el="52" ec="9" bec="0" bev="0" fileid="3" />
                <SequencePoint vc="1" uspid="4734" ordinal="0" offset="95" sl="53" sc="9" el="53" ec="9" bec="0" bev="0" fileid="3" />
                <SequencePoint vc="1" uspid="4735" ordinal="0" offset="121" sl="54" sc="9" el="54" ec="9" bec="0" bev="0" fileid="3" />
                <SequencePoint vc="1" uspid="4736" ordinal="0" offset="136" sl="55" sc="9" el="55" ec="9" bec="0" bev="0" fileid="3" />
                <SequencePoint vc="1" uspid="4737" ordinal="0" offset="148" sl="56" sc="9" el="56" ec="9" bec="0" bev="0" fileid="3" />
                <SequencePoint vc="1" uspid="4738" ordinal="0" offset="160" sl="57" sc="9" el="57" ec="9" bec="0" bev="0" fileid="3" />
                <SequencePoint vc="1" uspid="4739" ordinal="0" offset="172" sl="58" sc="5" el="58" ec="5" bec="0" bev="0" fileid="3" />
              </SequencePoints>
              <BranchPoints />
            </Method>
            <Method visited="true" cyclomaticComplexity="0" nPathComplexity="0" sequenceCoverage="100.0" branchCoverage="0" crapScore="0" isConstructor="false" isStatic="false" isGetter="false" isSetter="false">
              <Summary numSequencePoints="12" visitedSequencePoints="12" numBranchPoints="0" visitedBranchPoints="0" sequenceCoverage="100.0" branchCoverage="0" maxCyclomaticComplexity="0" minCyclomaticComplexity="0" maxCrapScore="0" minCrapScore="0" visitedClasses="0" numClasses="0" visitedMethods="1" numMethods="1" />
              <MetadataToken>100663326</MetadataToken>
              <Name>System.Void SurvivorTest::HasPlentyOfBulletsTest()</Name>
              <FileRef uid="3" />
              <SequencePoints>
                <SequencePoint vc="1" uspid="4740" ordinal="0" offset="0" sl="61" sc="5" el="61" ec="5" bec="0" bev="0" fileid="3" />
                <SequencePoint vc="1" uspid="4741" ordinal="0" offset="1" sl="62" sc="9" el="62" ec="9" bec="0" bev="0" fileid="3" />
                <SequencePoint vc="1" uspid="4742" ordinal="0" offset="13" sl="63" sc="9" el="63" ec="9" bec="0" bev="0" fileid="3" />
                <SequencePoint vc="1" uspid="4743" ordinal="0" offset="62" sl="64" sc="9" el="64" ec="9" bec="0" bev="0" fileid="3" />
                <SequencePoint vc="1" uspid="4744" ordinal="0" offset="73" sl="65" sc="9" el="65" ec="9" bec="0" bev="0" fileid="3" />
                <SequencePoint vc="1" uspid="4745" ordinal="0" offset="84" sl="66" sc="9" el="66" ec="9" bec="0" bev="0" fileid="3" />
                <SequencePoint vc="1" uspid="4746" ordinal="0" offset="95" sl="67" sc="9" el="67" ec="9" bec="0" bev="0" fileid="3" />
                <SequencePoint vc="1" uspid="4747" ordinal="0" offset="121" sl="68" sc="9" el="68" ec="9" bec="0" bev="0" fileid="3" />
                <SequencePoint vc="1" uspid="4748" ordinal="0" offset="136" sl="69" sc="9" el="69" ec="9" bec="0" bev="0" fileid="3" />
                <SequencePoint vc="1" uspid="4749" ordinal="0" offset="148" sl="70" sc="9" el="70" ec="9" bec="0" bev="0" fileid="3" />
                <SequencePoint vc="1" uspid="4750" ordinal="0" offset="160" sl="71" sc="9" el="71" ec="9" bec="0" bev="0" fileid="3" />
                <SequencePoint vc="1" uspid="4751" ordinal="0" offset="172" sl="72" sc="5" el="72" ec="5" bec="0" bev="0" fileid="3" />
              </SequencePoints>
              <BranchPoints />
            </Method>
            <Method visited="true" cyclomaticComplexity="0" nPathComplexity="0" sequenceCoverage="100.0" branchCoverage="0" crapScore="0" isConstructor="false" isStatic="false" isGetter="false" isSetter="false">
              <Summary numSequencePoints="15" visitedSequencePoints="15" numBranchPoints="0" visitedBranchPoints="0" sequenceCoverage="100.0" branchCoverage="0" maxCyclomaticComplexity="0" minCyclomaticComplexity="0" maxCrapScore="0" minCrapScore="0" visitedClasses="0" numClasses="0" visitedMethods="1" numMethods="1" />
              <MetadataToken>100663327</MetadataToken>
              <Name>System.Void SurvivorTest::GetAvailableAttacksOnTileTest()</Name>
              <FileRef uid="3" />
              <SequencePoints>
                <SequencePoint vc="1" uspid="4752" ordinal="0" offset="0" sl="75" sc="5" el="75" ec="5" bec="0" bev="0" fileid="3" />
                <SequencePoint vc="1" uspid="4753" ordinal="0" offset="1" sl="76" sc="9" el="76" ec="9" bec="0" bev="0" fileid="3" />
                <SequencePoint vc="1" uspid="4754" ordinal="0" offset="13" sl="77" sc="9" el="77" ec="9" bec="0" bev="0" fileid="3" />
                <SequencePoint vc="1" uspid="4755" ordinal="0" offset="62" sl="78" sc="9" el="78" ec="9" bec="0" bev="0" fileid="3" />
                <SequencePoint vc="1" uspid="4756" ordinal="0" offset="85" sl="79" sc="9" el="79" ec="9" bec="0" bev="0" fileid="3" />
                <SequencePoint vc="1" uspid="4757" ordinal="0" offset="108" sl="80" sc="9" el="80" ec="9" bec="0" bev="0" fileid="3" />
                <SequencePoint vc="1" uspid="4758" ordinal="0" offset="119" sl="81" sc="9" el="81" ec="9" bec="0" bev="0" fileid="3" />
                <SequencePoint vc="1" uspid="4759" ordinal="0" offset="130" sl="82" sc="9" el="82" ec="9" bec="0" bev="0" fileid="3" />
                <SequencePoint vc="1" uspid="4760" ordinal="0" offset="141" sl="83" sc="9" el="83" ec="9" bec="0" bev="0" fileid="3" />
                <SequencePoint vc="1" uspid="4761" ordinal="0" offset="155" sl="84" sc="9" el="84" ec="9" bec="0" bev="0" fileid="3" />
                <SequencePoint vc="1" uspid="4762" ordinal="0" offset="169" sl="85" sc="9" el="85" ec="9" bec="0" bev="0" fileid="3" />
                <SequencePoint vc="1" uspid="4763" ordinal="0" offset="197" sl="86" sc="9" el="86" ec="9" bec="0" bev="0" fileid="3" />
                <SequencePoint vc="1" uspid="4764" ordinal="0" offset="225" sl="87" sc="9" el="87" ec="9" bec="0" bev="0" fileid="3" />
                <SequencePoint vc="1" uspid="4765" ordinal="0" offset="253" sl="88" sc="9" el="88" ec="9" bec="0" bev="0" fileid="3" />
                <SequencePoint vc="1" uspid="4766" ordinal="0" offset="287" sl="89" sc="5" el="89" ec="5" bec="0" bev="0" fileid="3" />
              </SequencePoints>
              <BranchPoints />
            </Method>
            <Method visited="true" cyclomaticComplexity="0" nPathComplexity="0" sequenceCoverage="100.0" branchCoverage="0" crapScore="0" isConstructor="false" isStatic="false" isGetter="false" isSetter="false">
              <Summary numSequencePoints="12" visitedSequencePoints="12" numBranchPoints="0" visitedBranchPoints="0" sequenceCoverage="100.0" branchCoverage="0" maxCyclomaticComplexity="0" minCyclomaticComplexity="0" maxCrapScore="0" minCrapScore="0" visitedClasses="0" numClasses="0" visitedMethods="1" numMethods="1" />
              <MetadataToken>100663328</MetadataToken>
              <Name>System.Void SurvivorTest::HasFlashLightTest()</Name>
              <FileRef uid="3" />
              <SequencePoints>
                <SequencePoint vc="1" uspid="4767" ordinal="0" offset="0" sl="92" sc="5" el="92" ec="5" bec="0" bev="0" fileid="3" />
                <SequencePoint vc="1" uspid="4768" ordinal="0" offset="1" sl="93" sc="9" el="93" ec="9" bec="0" bev="0" fileid="3" />
                <SequencePoint vc="1" uspid="4769" ordinal="0" offset="13" sl="94" sc="9" el="94" ec="9" bec="0" bev="0" fileid="3" />
                <SequencePoint vc="1" uspid="4770" ordinal="0" offset="62" sl="95" sc="9" el="95" ec="9" bec="0" bev="0" fileid="3" />
                <SequencePoint vc="1" uspid="4771" ordinal="0" offset="73" sl="96" sc="9" el="96" ec="9" bec="0" bev="0" fileid="3" />
                <SequencePoint vc="1" uspid="4772" ordinal="0" offset="84" sl="97" sc="9" el="97" ec="9" bec="0" bev="0" fileid="3" />
                <SequencePoint vc="1" uspid="4773" ordinal="0" offset="95" sl="98" sc="9" el="98" ec="9" bec="0" bev="0" fileid="3" />
                <SequencePoint vc="1" uspid="4774" ordinal="0" offset="121" sl="99" sc="9" el="99" ec="9" bec="0" bev="0" fileid="3" />
                <SequencePoint vc="1" uspid="4775" ordinal="0" offset="136" sl="100" sc="9" el="100" ec="9" bec="0" bev="0" fileid="3" />
                <SequencePoint vc="1" uspid="4776" ordinal="0" offset="148" sl="101" sc="9" el="101" ec="9" bec="0" bev="0" fileid="3" />
                <SequencePoint vc="1" uspid="4777" ordinal="0" offset="160" sl="102" sc="9" el="102" ec="9" bec="0" bev="0" fileid="3" />
                <SequencePoint vc="1" uspid="4778" ordinal="0" offset="172" sl="103" sc="5" el="103" ec="5" bec="0" bev="0" fileid="3" />
              </SequencePoints>
              <BranchPoints />
            </Method>
            <Method visited="true" cyclomaticComplexity="0" nPathComplexity="0" sequenceCoverage="100.0" branchCoverage="0" crapScore="0" isConstructor="false" isStatic="false" isGetter="false" isSetter="false">
              <Summary numSequencePoints="8" visitedSequencePoints="8" numBranchPoints="0" visitedBranchPoints="0" sequenceCoverage="100.0" branchCoverage="0" maxCyclomaticComplexity="0" minCyclomaticComplexity="0" maxCrapScore="0" minCrapScore="0" visitedClasses="0" numClasses="0" visitedMethods="1" numMethods="1" />
              <MetadataToken>100663329</MetadataToken>
              <Name>System.Void SurvivorTest::MoveTest()</Name>
              <FileRef uid="3" />
              <SequencePoints>
                <SequencePoint vc="1" uspid="4779" ordinal="0" offset="0" sl="106" sc="5" el="106" ec="5" bec="0" bev="0" fileid="3" />
                <SequencePoint vc="1" uspid="4780" ordinal="0" offset="1" sl="107" sc="9" el="107" ec="9" bec="0" bev="0" fileid="3" />
                <SequencePoint vc="1" uspid="4781" ordinal="0" offset="13" sl="108" sc="9" el="108" ec="9" bec="0" bev="0" fileid="3" />
                <SequencePoint vc="1" uspid="4782" ordinal="0" offset="62" sl="109" sc="9" el="109" ec="9" bec="0" bev="0" fileid="3" />
                <SequencePoint vc="1" uspid="4783" ordinal="0" offset="73" sl="110" sc="9" el="110" ec="9" bec="0" bev="0" fileid="3" />
                <SequencePoint vc="1" uspid="4784" ordinal="0" offset="102" sl="111" sc="9" el="111" ec="9" bec="0" bev="0" fileid="3" />
                <SequencePoint vc="1" uspid="4785" ordinal="0" offset="122" sl="112" sc="9" el="112" ec="9" bec="0" bev="0" fileid="3" />
                <SequencePoint vc="1" uspid="4786" ordinal="0" offset="151" sl="113" sc="5" el="113" ec="5" bec="0" bev="0" fileid="3" />
              </SequencePoints>
              <BranchPoints />
            </Method>
[...]
                <SequencePoint vc="4" uspid="8693" ordinal="0" offset="2331" sl="59" sc="160" el="59" ec="160" bec="0" bev="0" fileid="35" />
                <SequencePoint vc="4" uspid="8694" ordinal="0" offset="2354" sl="60" sc="13" el="60" ec="13" bec="0" bev="0" fileid="35" />
                <SequencePoint vc="4" uspid="8695" ordinal="0" offset="2377" sl="60" sc="47" el="60" ec="47" bec="0" bev="0" fileid="35" />
                <SequencePoint vc="4" uspid="8696" ordinal="0" offset="2401" sl="60" sc="80" el="60" ec="80" bec="0" bev="0" fileid="35" />
                <SequencePoint vc="4" uspid="8697" ordinal="0" offset="2424" sl="60" sc="120" el="60" ec="120" bec="0" bev="0" fileid="35" />
                <SequencePoint vc="4" uspid="8698" ordinal="0" offset="2447" sl="60" sc="160" el="60" ec="160" bec="0" bev="0" fileid="35" />
                <SequencePoint vc="4" uspid="8699" ordinal="0" offset="2470" sl="61" sc="13" el="61" ec="13" bec="0" bev="0" fileid="35" />
                <SequencePoint vc="4" uspid="8700" ordinal="0" offset="2493" sl="61" sc="47" el="61" ec="47" bec="0" bev="0" fileid="35" />
                <SequencePoint vc="4" uspid="8701" ordinal="0" offset="2516" sl="61" sc="79" el="61" ec="79" bec="0" bev="0" fileid="35" />
                <SequencePoint vc="4" uspid="8702" ordinal="0" offset="2539" sl="61" sc="119" el="61" ec="119" bec="0" bev="0" fileid="35" />
                <SequencePoint vc="4" uspid="8703" ordinal="0" offset="2562" sl="61" sc="159" el="61" ec="159" bec="0" bev="0" fileid="35" />
                <SequencePoint vc="4" uspid="8704" ordinal="0" offset="2585" sl="62" sc="13" el="62" ec="13" bec="0" bev="0" fileid="35" />
                <SequencePoint vc="4" uspid="8705" ordinal="0" offset="2608" sl="62" sc="47" el="62" ec="47" bec="0" bev="0" fileid="35" />
                <SequencePoint vc="4" uspid="8706" ordinal="0" offset="2632" sl="62" sc="80" el="62" ec="80" bec="0" bev="0" fileid="35" />
                <SequencePoint vc="4" uspid="8707" ordinal="0" offset="2655" sl="62" sc="120" el="62" ec="120" bec="0" bev="0" fileid="35" />
                <SequencePoint vc="4" uspid="8708" ordinal="0" offset="2678" sl="62" sc="160" el="62" ec="160" bec="0" bev="0" fileid="35" />
                <SequencePoint vc="4" uspid="8709" ordinal="0" offset="2701" sl="63" sc="13" el="63" ec="13" bec="0" bev="0" fileid="35" />
                <SequencePoint vc="4" uspid="8710" ordinal="0" offset="2725" sl="63" sc="47" el="63" ec="47" bec="0" bev="0" fileid="35" />
                <SequencePoint vc="4" uspid="8711" ordinal="0" offset="2749" sl="63" sc="80" el="63" ec="80" bec="0" bev="0" fileid="35" />
                <SequencePoint vc="4" uspid="8712" ordinal="0" offset="2772" sl="63" sc="120" el="63" ec="120" bec="0" bev="0" fileid="35" />
                <SequencePoint vc="4" uspid="8713" ordinal="0" offset="2795" sl="63" sc="160" el="63" ec="160" bec="0" bev="0" fileid="35" />
                <SequencePoint vc="4" uspid="8714" ordinal="0" offset="2818" sl="64" sc="13" el="64" ec="13" bec="0" bev="0" fileid="35" />
                <SequencePoint vc="4" uspid="8715" ordinal="0" offset="2843" sl="64" sc="47" el="64" ec="47" bec="0" bev="0" fileid="35" />
                <SequencePoint vc="4" uspid="8716" ordinal="0" offset="2867" sl="64" sc="79" el="64" ec="79" bec="0" bev="0" fileid="35" />
                <SequencePoint vc="4" uspid="8717" ordinal="0" offset="2891" sl="64" sc="119" el="64" ec="119" bec="0" bev="0" fileid="35" />
                <SequencePoint vc="4" uspid="8718" ordinal="0" offset="2915" sl="64" sc="159" el="64" ec="159" bec="0" bev="0" fileid="35" />
                <SequencePoint vc="4" uspid="8719" ordinal="0" offset="2939" sl="65" sc="13" el="65" ec="13" bec="0" bev="0" fileid="35" />
                <SequencePoint vc="4" uspid="8720" ordinal="0" offset="2963" sl="65" sc="48" el="65" ec="48" bec="0" bev="0" fileid="35" />
                <SequencePoint vc="4" uspid="8721" ordinal="0" offset="2987" sl="65" sc="81" el="65" ec="81" bec="0" bev="0" fileid="35" />
                <SequencePoint vc="4" uspid="8722" ordinal="0" offset="3011" sl="65" sc="122" el="65" ec="122" bec="0" bev="0" fileid="35" />
                <SequencePoint vc="4" uspid="8723" ordinal="0" offset="3035" sl="65" sc="163" el="65" ec="163" bec="0" bev="0" fileid="35" />
                <SequencePoint vc="4" uspid="8724" ordinal="0" offset="3059" sl="66" sc="13" el="66" ec="13" bec="0" bev="0" fileid="35" />
                <SequencePoint vc="4" uspid="8725" ordinal="0" offset="3083" sl="66" sc="48" el="66" ec="48" bec="0" bev="0" fileid="35" />
                <SequencePoint vc="4" uspid="8726" ordinal="0" offset="3107" sl="66" sc="81" el="66" ec="81" bec="0" bev="0" fileid="35" />
                <SequencePoint vc="4" uspid="8727" ordinal="0" offset="3131" sl="66" sc="122" el="66" ec="122" bec="0" bev="0" fileid="35" />
                <SequencePoint vc="4" uspid="8728" ordinal="0" offset="3155" sl="66" sc="163" el="66" ec="163" bec="0" bev="0" fileid="35" />
                <SequencePoint vc="4" uspid="8729" ordinal="0" offset="3179" sl="67" sc="13" el="67" ec="13" bec="0" bev="0" fileid="35" />
                <SequencePoint vc="4" uspid="8730" ordinal="0" offset="3203" sl="67" sc="48" el="67" ec="48" bec="0" bev="0" fileid="35" />
                <SequencePoint vc="4" uspid="8731" ordinal="0" offset="3228" sl="67" sc="82" el="67" ec="82" bec="0" bev="0" fileid="35" />
                <SequencePoint vc="4" uspid="8732" ordinal="0" offset="3252" sl="67" sc="123" el="67" ec="123" bec="0" bev="0" fileid="35" />
                <SequencePoint vc="4" uspid="8733" ordinal="0" offset="3276" sl="67" sc="164" el="67" ec="164" bec="0" bev="0" fileid="35" />
                <SequencePoint vc="4" uspid="8734" ordinal="0" offset="3300" sl="68" sc="13" el="68" ec="13" bec="0" bev="0" fileid="35" />
                <SequencePoint vc="4" uspid="8735" ordinal="0" offset="3324" sl="68" sc="48" el="68" ec="48" bec="0" bev="0" fileid="35" />
                <SequencePoint vc="4" uspid="8736" ordinal="0" offset="3348" sl="68" sc="81" el="68" ec="81" bec="0" bev="0" fileid="35" />
                <SequencePoint vc="4" uspid="8737" ordinal="0" offset="3372" sl="68" sc="122" el="68" ec="122" bec="0" bev="0" fileid="35" />
                <SequencePoint vc="4" uspid="8738" ordinal="0" offset="3396" sl="68" sc="163" el="68" ec="163" bec="0" bev="0" fileid="35" />
                <SequencePoint vc="4" uspid="8739" ordinal="0" offset="3420" sl="69" sc="13" el="69" ec="13" bec="0" bev="0" fileid="35" />
                <SequencePoint vc="4" uspid="8740" ordinal="0" offset="3444" sl="69" sc="48" el="69" ec="48" bec="0" bev="0" fileid="35" />
                <SequencePoint vc="4" uspid="8741" ordinal="0" offset="3469" sl="69" sc="82" el="69" ec="82" bec="0" bev="0" fileid="35" />
                <SequencePoint vc="4" uspid="8742" ordinal="0" offset="3493" sl="69" sc="123" el="69" ec="123" bec="0" bev="0" fileid="35" />
                <SequencePoint vc="4" uspid="8743" ordinal="0" offset="3517" sl="69" sc="164" el="69" ec="164" bec="0" bev="0" fileid="35" />
                <SequencePoint vc="4" uspid="8744" ordinal="0" offset="3541" sl="70" sc="13" el="70" ec="13" bec="0" bev="0" fileid="35" />
                <SequencePoint vc="4" uspid="8745" ordinal="0" offset="3566" sl="70" sc="49" el="70" ec="49" bec="0" bev="0" fileid="35" />
                <SequencePoint vc="4" uspid="8746" ordinal="0" offset="3591" sl="70" sc="83" el="70" ec="83" bec="0" bev="0" fileid="35" />
                <SequencePoint vc="4" uspid="8747" ordinal="0" offset="3615" sl="70" sc="124" el="70" ec="124" bec="0" bev="0" fileid="35" />
                <SequencePoint vc="4" uspid="8748" ordinal="0" offset="3639" sl="71" sc="13" el="71" ec="13" bec="0" bev="0" fileid="35" />
                <SequencePoint vc="4" uspid="8749" ordinal="0" offset="3664" sl="71" sc="49" el="71" ec="49" bec="0" bev="0" fileid="35" />
                <SequencePoint vc="4" uspid="8750" ordinal="0" offset="3689" sl="71" sc="83" el="71" ec="83" bec="0" bev="0" fileid="35" />
                <SequencePoint vc="4" uspid="8751" ordinal="0" offset="3713" sl="71" sc="124" el="71" ec="124" bec="0" bev="0" fileid="35" />
                <SequencePoint vc="4" uspid="8752" ordinal="0" offset="3737" sl="72" sc="13" el="72" ec="13" bec="0" bev="0" fileid="35" />
                <SequencePoint vc="4" uspid="8753" ordinal="0" offset="3762" sl="72" sc="49" el="72" ec="49" bec="0" bev="0" fileid="35" />
                <SequencePoint vc="4" uspid="8754" ordinal="0" offset="3787" sl="72" sc="83" el="72" ec="83" bec="0" bev="0" fileid="35" />
                <SequencePoint vc="4" uspid="8755" ordinal="0" offset="3811" sl="72" sc="124" el="72" ec="124" bec="0" bev="0" fileid="35" />
                <SequencePoint vc="4" uspid="8756" ordinal="0" offset="3835" sl="73" sc="13" el="73" ec="13" bec="0" bev="0" fileid="35" />
                <SequencePoint vc="4" uspid="8757" ordinal="0" offset="3860" sl="73" sc="49" el="73" ec="49" bec="0" bev="0" fileid="35" />
                <SequencePoint vc="4" uspid="8758" ordinal="0" offset="3885" sl="73" sc="83" el="73" ec="83" bec="0" bev="0" fileid="35" />
                <SequencePoint vc="4" uspid="8759" ordinal="0" offset="3909" sl="73" sc="124" el="73" ec="124" bec="0" bev="0" fileid="35" />
                <SequencePoint vc="4" uspid="8760" ordinal="0" offset="3933" sl="74" sc="13" el="74" ec="13" bec="0" bev="0" fileid="35" />
                <SequencePoint vc="4" uspid="8761" ordinal="0" offset="3958" sl="74" sc="49" el="74" ec="49" bec="0" bev="0" fileid="35" />
                <SequencePoint vc="4" uspid="8762" ordinal="0" offset="3983" sl="74" sc="83" el="74" ec="83" bec="0" bev="0" fileid="35" />
                <SequencePoint vc="4" uspid="8763" ordinal="0" offset="4007" sl="74" sc="124" el="74" ec="124" bec="0" bev="0" fileid="35" />
                <SequencePoint vc="4" uspid="8764" ordinal="0" offset="4031" sl="75" sc="13" el="75" ec="13" bec="0" bev="0" fileid="35" />
                <SequencePoint vc="4" uspid="8765" ordinal="0" offset="4056" sl="75" sc="49" el="75" ec="49" bec="0" bev="0" fileid="35" />
                <SequencePoint vc="4" uspid="8766" ordinal="0" offset="4081" sl="75" sc="83" el="75" ec="83" bec="0" bev="0" fileid="35" />
                <SequencePoint vc="4" uspid="8767" ordinal="0" offset="4105" sl="75" sc="124" el="75" ec="124" bec="0" bev="0" fileid="35" />
                <SequencePoint vc="4" uspid="8768" ordinal="0" offset="4129" sl="76" sc="13" el="76" ec="13" bec="0" bev="0" fileid="35" />
                <SequencePoint vc="4" uspid="8769" ordinal="0" offset="4154" sl="76" sc="49" el="76" ec="49" bec="0" bev="0" fileid="35" />
                <SequencePoint vc="4" uspid="8770" ordinal="0" offset="4179" sl="76" sc="83" el="76" ec="83" bec="0" bev="0" fileid="35" />
                <SequencePoint vc="4" uspid="8771" ordinal="0" offset="4203" sl="76" sc="124" el="76" ec="124" bec="0" bev="0" fileid="35" />
                <SequencePoint vc="4" uspid="8772" ordinal="0" offset="4227" sl="77" sc="13" el="77" ec="13" bec="0" bev="0" fileid="35" />
                <SequencePoint vc="4" uspid="8773" ordinal="0" offset="4252" sl="77" sc="49" el="77" ec="49" bec="0" bev="0" fileid="35" />
                <SequencePoint vc="4" uspid="8774" ordinal="0" offset="4277" sl="77" sc="83" el="77" ec="83" bec="0" bev="0" fileid="35" />
                <SequencePoint vc="4" uspid="8775" ordinal="0" offset="4301" sl="77" sc="124" el="77" ec="124" bec="0" bev="0" fileid="35" />
                <SequencePoint vc="4" uspid="8776" ordinal="0" offset="4325" sl="78" sc="13" el="78" ec="13" bec="0" bev="0" fileid="35" />
                <SequencePoint vc="4" uspid="8777" ordinal="0" offset="4350" sl="78" sc="49" el="78" ec="49" bec="0" bev="0" fileid="35" />
                <SequencePoint vc="4" uspid="8778" ordinal="0" offset="4375" sl="78" sc="83" el="78" ec="83" bec="0" bev="0" fileid="35" />
                <SequencePoint vc="4" uspid="8779" ordinal="0" offset="4399" sl="78" sc="124" el="78" ec="124" bec="0" bev="0" fileid="35" />
                <SequencePoint vc="4" uspid="8780" ordinal="0" offset="4423" sl="79" sc="13" el="79" ec="13" bec="0" bev="0" fileid="35" />
                <SequencePoint vc="4" uspid="8781" ordinal="0" offset="4448" sl="79" sc="49" el="79" ec="49" bec="0" bev="0" fileid="35" />
                <SequencePoint vc="4" uspid="8782" ordinal="0" offset="4473" sl="79" sc="83" el="79" ec="83" bec="0" bev="0" fileid="35" />
                <SequencePoint vc="4" uspid="8783" ordinal="0" offset="4497" sl="79" sc="124" el="79" ec="124" bec="0" bev="0" fileid="35" />
                <SequencePoint vc="4" uspid="8784" ordinal="0" offset="4521" sl="80" sc="13" el="80" ec="13" bec="0" bev="0" fileid="35" />
                <SequencePoint vc="4" uspid="8785" ordinal="0" offset="4546" sl="80" sc="49" el="80" ec="49" bec="0" bev="0" fileid="35" />
                <SequencePoint vc="4" uspid="8786" ordinal="0" offset="4571" sl="80" sc="83" el="80" ec="83" bec="0" bev="0" fileid="35" />
                <SequencePoint vc="4" uspid="8787" ordinal="0" offset="4595" sl="80" sc="124" el="80" ec="124" bec="0" bev="0" fileid="35" />
                <SequencePoint vc="4" uspid="8788" ordinal="0" offset="4619" sl="81" sc="13" el="81" ec="13" bec="0" bev="0" fileid="35" />
                <SequencePoint vc="4" uspid="8789" ordinal="0" offset="4644" sl="81" sc="49" el="81" ec="49" bec="0" bev="0" fileid="35" />
                <SequencePoint vc="4" uspid="8790" ordinal="0" offset="4669" sl="81" sc="83" el="81" ec="83" bec="0" bev="0" fileid="35" />
                <SequencePoint vc="4" uspid="8791" ordinal="0" offset="4693" sl="81" sc="124" el="81" ec="124" bec="0" bev="0" fileid="35" />
                <SequencePoint vc="4" uspid="8792" ordinal="0" offset="4717" sl="82" sc="13" el="82" ec="13" bec="0" bev="0" fileid="35" />
                <SequencePoint vc="4" uspid="8793" ordinal="0" offset="4742" sl="82" sc="49" el="82" ec="49" bec="0" bev="0" fileid="35" />
                <SequencePoint vc="4" uspid="8794" ordinal="0" offset="4767" sl="82" sc="83" el="82" ec="83" bec="0" bev="0" fileid="35" />
                <SequencePoint vc="4" uspid="8795" ordinal="0" offset="4791" sl="82" sc="124" el="82" ec="124" bec="0" bev="0" fileid="35" />
                <SequencePoint vc="4" uspid="8796" ordinal="0" offset="4815" sl="83" sc="13" el="83" ec="13" bec="0" bev="0" fileid="35" />
                <SequencePoint vc="4" uspid="8797" ordinal="0" offset="4840" sl="83" sc="49" el="83" ec="49" bec="0" bev="0" fileid="35" />
                <SequencePoint vc="4" uspid="8798" ordinal="0" offset="4865" sl="83" sc="83" el="83" ec="83" bec="0" bev="0" fileid="35" />
                <SequencePoint vc="4" uspid="8799" ordinal="0" offset="4889" sl="83" sc="124" el="83" ec="124" bec="0" bev="0" fileid="35" />
                <SequencePoint vc="4" uspid="8800" ordinal="0" offset="4913" sl="85" sc="13" el="85" ec="13" bec="0" bev="0" fileid="35" />
                <SequencePoint vc="4" uspid="8801" ordinal="0" offset="4919" sl="85" sc="51" el="85" ec="51" bec="0" bev="0" fileid="35" />
                <SequencePoint vc="4" uspid="8802" ordinal="0" offset="4926" sl="85" sc="62" el="85" ec="62" bec="0" bev="0" fileid="35" />
                <SequencePoint vc="4" uspid="8803" ordinal="0" offset="4961" sl="86" sc="13" el="86" ec="13" bec="0" bev="0" fileid="35" />
                <SequencePoint vc="4" uspid="8804" ordinal="0" offset="4967" sl="86" sc="51" el="86" ec="51" bec="0" bev="0" fileid="35" />
                <SequencePoint vc="4" uspid="8805" ordinal="0" offset="4974" sl="86" sc="62" el="86" ec="62" bec="0" bev="0" fileid="35" />
                <SequencePoint vc="4" uspid="8806" ordinal="0" offset="5001" sl="87" sc="13" el="87" ec="13" bec="0" bev="0" fileid="35" />
                <SequencePoint vc="4" uspid="8807" ordinal="0" offset="5007" sl="87" sc="51" el="87" ec="51" bec="0" bev="0" fileid="35" />
                <SequencePoint vc="4" uspid="8808" ordinal="0" offset="5014" sl="87" sc="62" el="87" ec="62" bec="0" bev="0" fileid="35" />
                <SequencePoint vc="4" uspid="8809" ordinal="0" offset="5066" sl="88" sc="13" el="88" ec="13" bec="0" bev="0" fileid="35" />
                <SequencePoint vc="4" uspid="8810" ordinal="0" offset="5084" sl="89" sc="13" el="89" ec="13" bec="0" bev="0" fileid="35" />
                <SequencePoint vc="4" uspid="8811" ordinal="0" offset="5102" sl="90" sc="13" el="90" ec="13" bec="0" bev="0" fileid="35" />
                <SequencePoint vc="4" uspid="8812" ordinal="0" offset="5120" sl="92" sc="13" el="92" ec="13" bec="0" bev="0" fileid="35" />
                <SequencePoint vc="4" uspid="8813" ordinal="0" offset="5126" sl="92" sc="47" el="92" ec="47" bec="0" bev="0" fileid="35" />
                <SequencePoint vc="4" uspid="8814" ordinal="0" offset="5133" sl="92" sc="58" el="92" ec="58" bec="0" bev="0" fileid="35" />
                <SequencePoint vc="4" uspid="8815" ordinal="0" offset="5171" sl="93" sc="13" el="93" ec="13" bec="0" bev="0" fileid="35" />
                <SequencePoint vc="4" uspid="8816" ordinal="0" offset="5178" sl="93" sc="47" el="93" ec="47" bec="0" bev="0" fileid="35" />
                <SequencePoint vc="4" uspid="8817" ordinal="0" offset="5186" sl="93" sc="58" el="93" ec="58" bec="0" bev="0" fileid="35" />
                <SequencePoint vc="4" uspid="8818" ordinal="0" offset="5243" sl="94" sc="13" el="94" ec="13" bec="0" bev="0" fileid="35" />
                <SequencePoint vc="4" uspid="8819" ordinal="0" offset="5250" sl="94" sc="47" el="94" ec="47" bec="0" bev="0" fileid="35" />
                <SequencePoint vc="4" uspid="8820" ordinal="0" offset="5258" sl="94" sc="58" el="94" ec="58" bec="0" bev="0" fileid="35" />
                <SequencePoint vc="4" uspid="8821" ordinal="0" offset="5297" sl="95" sc="13" el="95" ec="13" bec="0" bev="0" fileid="35" />
                <SequencePoint vc="4" uspid="8822" ordinal="0" offset="5304" sl="95" sc="47" el="95" ec="47" bec="0" bev="0" fileid="35" />
                <SequencePoint vc="4" uspid="8823" ordinal="0" offset="5312" sl="95" sc="58" el="95" ec="58" bec="0" bev="0" fileid="35" />
                <SequencePoint vc="4" uspid="8824" ordinal="0" offset="5369" sl="96" sc="13" el="96" ec="13" bec="0" bev="0" fileid="35" />
                <SequencePoint vc="4" uspid="8825" ordinal="0" offset="5376" sl="96" sc="47" el="96" ec="47" bec="0" bev="0" fileid="35" />
                <SequencePoint vc="4" uspid="8826" ordinal="0" offset="5384" sl="96" sc="58" el="96" ec="58" bec="0" bev="0" fileid="35" />
                <SequencePoint vc="4" uspid="8827" ordinal="0" offset="5423" sl="97" sc="13" el="97" ec="13" bec="0" bev="0" fileid="35" />
                <SequencePoint vc="4" uspid="8828" ordinal="0" offset="5441" sl="98" sc="13" el="98" ec="13" bec="0" bev="0" fileid="35" />
                <SequencePoint vc="4" uspid="8829" ordinal="0" offset="5460" sl="99" sc="13" el="99" ec="13" bec="0" bev="0" fileid="35" />
                <SequencePoint vc="4" uspid="8830" ordinal="0" offset="5479" sl="100" sc="13" el="100" ec="13" bec="0" bev="0" fileid="35" />
                <SequencePoint vc="4" uspid="8831" ordinal="0" offset="5498" sl="101" sc="13" el="101" ec="13" bec="0" bev="0" fileid="35" />
                <SequencePoint vc="4" uspid="8832" ordinal="0" offset="5517" sl="102" sc="9" el="102" ec="9" bec="0" bev="0" fileid="35" />
              </SequencePoints>
              <BranchPoints />
            </Method>
          </Methods>
        </Class>
      </Classes>
    </Module>
  </Modules>
</CoverageSession>